
lapi.o:
00000740 t aux_upvalue
00001160 t f_call
00002050 t growstack
00000000 t index2addr
         U luaC_barrier_
         U luaC_barrierback_
         U luaC_changemode
         U luaC_checkfinalizer
         U luaC_forcestep
         U luaC_fullgc
         U luaC_step
         U luaD_call
         U luaD_growstack
         U luaD_pcall
         U luaD_protectedparser
         U luaD_rawrunprotected
         U luaE_setdebt
         U luaF_newCclosure
         U luaG_errormsg
         U luaG_runerror
         U luaH_get
         U luaH_getint
         U luaH_getn
         U luaH_new
         U luaH_next
         U luaH_resize
         U luaH_set
         U luaH_setint
         U luaO_arith
         U luaO_nilobject_
         U luaO_pushvfstring
         U luaS_new
         U luaS_newlstr
         U luaS_newudata
         U luaT_typenames_
         U luaU_dump
         U luaV_arith
         U luaV_concat
         U luaV_equalobj_
         U luaV_gettable
         U luaV_lessequal
         U luaV_lessthan
         U luaV_objlen
         U luaV_settable
         U luaV_tonumber
         U luaV_tostring
         U luaZ_init
00000120 T lua_absindex
00001ef0 T lua_arith
000000e0 T lua_atpanic
00001190 T lua_callk
00001fc0 T lua_checkstack
00001e00 T lua_compare
00000be0 T lua_concat
00000af0 T lua_copy
000016c0 T lua_createtable
00000ec0 T lua_dump
00000d20 T lua_error
00000d40 T lua_gc
000006f0 T lua_getallocf
000006b0 T lua_getctx
000017d0 T lua_getfield
00001880 T lua_getglobal
000005e0 T lua_getmetatable
00001840 T lua_gettable
00000150 T lua_gettop
00000800 T lua_getupvalue
00000660 T lua_getuservalue
000000e0 R lua_ident
00000210 T lua_insert
000002f0 T lua_iscfunction
00001d20 T lua_isnumber
00000320 T lua_isstring
00000350 T lua_isuserdata
00000ba0 T lua_len
00000f10 T lua_load
00000b50 T lua_newuserdata
00000cd0 T lua_next
00001050 T lua_pcallk
00000560 T lua_pushboolean
00001900 T lua_pushcclosure
00001a10 T lua_pushfstring
00000520 T lua_pushinteger
00000590 T lua_pushlightuserdata
00000c70 T lua_pushlstring
00000500 T lua_pushnil
00001a50 T lua_pushnumber
00001500 T lua_pushstring
000005b0 T lua_pushthread
00000540 T lua_pushunsigned
00000260 T lua_pushvalue
000019c0 T lua_pushvfstring
00001d70 T lua_rawequal
00001790 T lua_rawget
00001000 T lua_rawgeti
00001730 T lua_rawgetp
00001a90 T lua_rawlen
000013d0 T lua_rawset
00001470 T lua_rawseti
00001330 T lua_rawsetp
000001d0 T lua_remove
00000b20 T lua_replace
00000720 T lua_setallocf
00001570 T lua_setfield
00001630 T lua_setglobal
00001230 T lua_setmetatable
000015f0 T lua_settable
00000170 T lua_settop
00000940 T lua_setupvalue
000009f0 T lua_setuservalue
000006e0 T lua_status
00000380 T lua_toboolean
000003c0 T lua_tocfunction
00001c10 T lua_tointegerx
00001af0 T lua_tolstring
00001ca0 T lua_tonumberx
00000480 T lua_topointer
00000450 T lua_tothread
00001b80 T lua_tounsignedx
00000400 T lua_touserdata
000002a0 T lua_type
000002e0 T lua_typename
00000860 T lua_upvalueid
000008c0 T lua_upvaluejoin
00000100 T lua_version
00000080 T lua_xmove
00000a70 t moveto
00000164 r version.2922

lcode.o:
000009b0 t addk
00001430 t codearith
00001930 t codecomp
00000680 t condjump
00000db0 t discharge2anyreg
00000c80 t discharge2reg
00001010 t exp2reg
00000100 t fixjump
00000e00 t jumponcond
         U luaC_barrier_
         U luaD_growstack
         U luaH_set
00000330 T luaK_checkstack
00000460 t luaK_code
00000650 T luaK_codeABC
00000550 T luaK_codeABx
000005d0 T luaK_codek
00000270 T luaK_concat
000006c0 T luaK_dischargevars
00001340 T luaK_exp2RK
00001270 T luaK_exp2anyreg
00001310 T luaK_exp2anyregup
00001200 T luaK_exp2nextreg
000012e0 T luaK_exp2val
000000e0 T luaK_fixline
00000000 T luaK_getlabel
00000eb0 T luaK_goiffalse
00000f30 T luaK_goiftrue
00001c30 T luaK_indexed
00001bb0 T luaK_infix
00000570 T luaK_jump
00000800 T luaK_nil
00000bd0 T luaK_numberK
00000010 T luaK_patchclose
00000300 T luaK_patchlist
000002d0 T luaK_patchtohere
00001a00 T luaK_posfix
00001600 T luaK_prefix
00000370 T luaK_reserveregs
000007c0 T luaK_ret
00001c70 T luaK_self
00000900 T luaK_setlist
00000080 T luaK_setoneret
000003a0 T luaK_setreturns
00001d40 T luaK_storevar
00000ba0 T luaK_stringK
         U luaM_growaux_
         U luaO_arith
         U luaP_opmodes
         U luaS_newlstr
         U luaV_equalobj_
         U luaX_syntaxerror
00000170 t patchlistaux

lctype.o:
00000000 R luai_ctype_

ldebug.o:
00000300 t findlocal
000004c0 t getobjname
         U luaD_call
         U luaD_growstack
         U luaD_throw
         U luaF_getlocalname
00000950 T luaG_aritherror
000009a0 T luaG_concaterror
000000e0 T luaG_errormsg
00000250 T luaG_ordererror
00000190 T luaG_runerror
00000810 T luaG_typeerror
         U luaH_new
         U luaH_setint
         U luaO_chunkid
         U luaO_pushfstring
         U luaO_pushvfstring
         U luaP_opmodes
         U luaT_typenames_
         U luaV_tonumber
00000060 T lua_gethook
00000080 T lua_gethookcount
00000070 T lua_gethookmask
000009f0 T lua_getinfo
00000440 T lua_getlocal
00000090 T lua_getstack
00000000 T lua_sethook
000003e0 T lua_setlocal
         U strchr

ldo.o:
         U __longjmp_chk
         U __stack_chk_fail
         U _setjmp
         U abort
00000610 t checkmode
00000680 t f_parser
         U luaC_barrier_
         U luaC_step
00001010 T luaD_call
00000830 T luaD_growstack
000008c0 T luaD_hook
00000290 T luaD_pcall
000009b0 T luaD_poscall
00000b40 T luaD_precall
00000330 T luaD_protectedparser
00000210 T luaD_rawrunprotected
00000080 T luaD_reallocstack
00000190 T luaD_shrinkstack
00000580 T luaD_throw
         U luaE_extendCI
         U luaF_close
         U luaF_newupval
         U luaG_runerror
         U luaG_typeerror
         U luaM_realloc_
         U luaM_toobig
         U luaO_pushfstring
         U luaS_new
         U luaS_newlstr
         U luaT_gettmbyobj
         U luaU_undump
         U luaV_execute
         U luaV_finishOp
         U luaY_parser
         U luaZ_fill
00000450 T lua_resume
00000790 T lua_yieldk
00000f10 t resume
00000ea0 t resume_error
00000000 t seterrorobj
         U strchr
00000aa0 t unroll

ldump.o:
00000000 t DumpBlock
000000a0 t DumpFunction
00000030 t DumpString
         U __stack_chk_fail
00000440 T luaU_dump
         U luaU_header

lfunc.o:
         U luaC_checkupvalcolor
         U luaC_newobj
00000420 T luaF_close
00000270 T luaF_findupval
00000070 T luaF_freeproto
00000170 T luaF_freeupval
00000000 T luaF_getlocalname
000003d0 T luaF_newCclosure
00000360 T luaF_newLclosure
000001c0 T luaF_newproto
00000320 T luaF_newupval
         U luaM_realloc_

lgc.o:
000008e0 t GCTM
000012b0 t T.44
00000490 t clearvalues
00001240 t convergeephemerons
00000b30 t dothecall
00000850 t entersweep
00000170 t iscleared
00000240 T luaC_barrier_
00000000 T luaC_barrierback_
00000280 T luaC_barrierproto_
00001a30 T luaC_changemode
00000b60 T luaC_checkfinalizer
000001d0 T luaC_checkupvalcolor
00001aa0 T luaC_forcestep
00000a50 T luaC_freeallobjects
000018f0 T luaC_fullgc
00000570 T luaC_newobj
000018b0 T luaC_runtilstate
00001c60 T luaC_step
         U luaD_call
         U luaD_pcall
         U luaD_shrinkstack
         U luaD_throw
         U luaE_freeCI
         U luaE_freethread
         U luaE_setdebt
         U luaF_freeproto
         U luaF_freeupval
         U luaH_free
         U luaM_realloc_
         U luaO_pushfstring
         U luaS_resize
         U luaT_gettm
         U luaT_gettmbyobj
00000c50 t propagatemark
00000020 t reallymarkobject
00001340 t singlestep
         U strchr
000005e0 t sweeplist
000002d0 t traverseephemeron

llex.o:
000003c0 t check_next
00000360 t escerror
000002b0 t inclinenumber
000001b0 t lexerror
00000750 t llex
         U localeconv
         U luaC_step
         U luaD_throw
         U luaH_set
         U luaM_realloc_
         U luaO_chunkid
         U luaO_hexavalue
         U luaO_pushfstring
         U luaO_str2d
         U luaS_new
         U luaS_newlstr
000004d0 T luaX_init
000012f0 T luaX_lookahead
00000510 T luaX_newstring
00001310 T luaX_next
00000440 T luaX_setinput
00000290 T luaX_syntaxerror
00000000 T luaX_token2str
00000400 r luaX_tokens
         U luaZ_fill
         U luai_ctype_
000005c0 t read_long_string
00000080 t save
00000100 t skip_sep
         U strchr

lmem.o:
         U luaC_fullgc
         U luaD_throw
         U luaG_runerror
000000d0 T luaM_growaux_
00000000 T luaM_realloc_
000000b0 T luaM_toobig

lobject.o:
         U __sprintf_chk
         U __stack_chk_fail
         U floor
         U ldexp
00000040 r log_2.5309
         U luaD_growstack
         U luaG_runerror
00000870 T luaO_arith
00000060 T luaO_ceillog2
000000c0 T luaO_chunkid
00000040 T luaO_fb2int
000000a0 T luaO_hexavalue
00000000 T luaO_int2fb
0000001c R luaO_nilobject_
000004e0 T luaO_pushfstring
00000270 T luaO_pushvfstring
00000510 T luaO_str2d
         U luaS_newlstr
         U luaV_concat
         U luai_ctype_
         U memcpy
         U pow
00000210 t pushstr
         U strchr
         U strlen
         U strtod

lopcodes.o:
000000c0 R luaP_opmodes
00000000 R luaP_opnames

lparser.o:
00000020 r CSWTCH.79
000000a0 r CSWTCH.82
00000120 r CSWTCH.85
000001a0 r CSWTCH.88
00000dc0 t adjust_assign
00001f90 t assignment
00002dc0 t block
00001060 t body
00000d30 t check_match
00000180 t checklimit
00000b60 t checkname
00000b10 t checknext
00000e70 t close_func
00000640 t closegoto
000021c0 t cond
000019a0 t constructor
00000ad0 t error_expected
00002210 t exp1
00001c30 t explist
00000bb0 t fieldsel
00000750 t findgotos
000007b0 t findlabel
00002e10 t forbody
00001ca0 t funcargs
00000cb0 t gotostat
00000890 t leaveblock
00001960 t listfield
         U luaC_barrier_
         U luaC_step
         U luaD_growstack
         U luaF_newLclosure
         U luaF_newproto
         U luaH_new
         U luaK_checkstack
         U luaK_codeABC
         U luaK_codeABx
         U luaK_codek
         U luaK_concat
         U luaK_dischargevars
         U luaK_exp2RK
         U luaK_exp2anyreg
         U luaK_exp2anyregup
         U luaK_exp2nextreg
         U luaK_exp2val
         U luaK_fixline
         U luaK_getlabel
         U luaK_goiffalse
         U luaK_goiftrue
         U luaK_indexed
         U luaK_infix
         U luaK_jump
         U luaK_nil
         U luaK_numberK
         U luaK_patchclose
         U luaK_patchlist
         U luaK_patchtohere
         U luaK_posfix
         U luaK_prefix
         U luaK_reserveregs
         U luaK_ret
         U luaK_self
         U luaK_setlist
         U luaK_setoneret
         U luaK_setreturns
         U luaK_storevar
         U luaK_stringK
         U luaM_growaux_
         U luaM_realloc_
         U luaM_toobig
         U luaO_int2fb
         U luaO_pushfstring
         U luaS_eqstr
         U luaS_new
         U luaX_lookahead
         U luaX_newstring
         U luaX_next
         U luaX_setinput
         U luaX_syntaxerror
         U luaX_token2str
000031c0 T luaY_parser
00000310 t new_localvar
000004a0 t new_localvarliteral_
000000e0 t newlabelentry
00000200 t newupvalue
00000000 t open_func
00000000 r priority
00001880 t recfield
00000c10 t singlevar
000004d0 t singlevaraux
00002250 t statement
00002d70 t statlist
00000b30 t str_checkname
00001390 t subexpr
00001e20 t suffixedexp
00003030 t test_then_block
00001830 t yindex

lstate.o:
         U __stack_chk_fail
00000150 t close_state
00000530 t f_luaopen
00000100 t freestack
         U luaC_freeallobjects
         U luaC_newobj
         U luaC_step
         U luaD_rawrunprotected
00000260 T luaE_extendCI
000000b0 T luaE_freeCI
00000210 T luaE_freethread
00000000 T luaE_setdebt
         U luaF_close
         U luaH_new
         U luaH_resize
         U luaH_setint
         U luaM_realloc_
         U luaO_nilobject_
         U luaS_hash
         U luaS_newlstr
         U luaS_resize
         U luaT_init
         U luaX_init
000001f0 T lua_close
000002b0 T lua_newstate
00000620 T lua_newthread
         U lua_version
00000020 t stack_init
         U time

lstring.o:
00000170 t createstrobj
         U luaC_newobj
         U luaC_runtilstate
         U luaM_realloc_
         U luaM_toobig
000000c0 T luaS_eqlngstr
00000120 T luaS_eqstr
00000000 T luaS_hash
000004f0 T luaS_new
00000340 T luaS_newlstr
00000060 T luaS_newudata
000001e0 T luaS_resize
         U memcpy
         U strlen

ltable.o:
00000790 t countint
0000005c r dummynode_
         U luaC_barrierback_
         U luaC_newobj
         U luaG_runerror
00000810 T luaH_free
000003e0 T luaH_get
00000000 T luaH_getint
00000140 T luaH_getn
000000e0 T luaH_getstr
00000960 T luaH_new
00000ba0 T luaH_newkey
00000550 T luaH_next
000009d0 T luaH_resize
00000ff0 T luaH_resizearray
00000f90 T luaH_set
00000f20 T luaH_setint
         U luaM_realloc_
         U luaM_toobig
         U luaO_ceillog2
         U luaO_nilobject_
         U luaS_hash
         U luaV_equalobj_
00000250 t mainposition
00000890 t setnodevector

ltm.o:
         U luaH_getstr
         U luaO_nilobject_
         U luaS_new
00000040 r luaT_eventname.2668
000000a0 T luaT_gettm
00000000 T luaT_gettmbyobj
000000e0 T luaT_init
00000000 R luaT_typenames_
00000084 r udatatypename

lundump.o:
00000090 t LoadBlock
00000170 t LoadFunction
000000d0 t LoadInt
00000100 t LoadString
         U __stack_chk_fail
00000050 t error
         U luaD_growstack
         U luaD_throw
         U luaF_newLclosure
         U luaF_newproto
         U luaM_realloc_
         U luaM_toobig
         U luaO_pushfstring
         U luaS_newlstr
00000000 T luaU_header
00000610 T luaU_undump
         U luaZ_openspace
         U luaZ_read

lvm.o:
00000e10 t T.156
         U __sprintf_chk
         U __stack_chk_fail
00000000 t callTM
000000d0 t call_binTM
00000150 t call_orderTM
         U floor
000002b0 t l_strcmp
         U luaC_barrier_
         U luaC_barrierback_
         U luaC_barrierproto_
         U luaC_step
         U luaD_call
         U luaD_growstack
         U luaD_hook
         U luaD_poscall
         U luaD_precall
         U luaD_throw
         U luaF_close
         U luaF_findupval
         U luaF_newLclosure
         U luaG_aritherror
         U luaG_concaterror
         U luaG_ordererror
         U luaG_runerror
         U luaG_typeerror
         U luaH_get
         U luaH_getn
         U luaH_new
         U luaH_newkey
         U luaH_resize
         U luaH_resizearray
         U luaH_setint
         U luaO_arith
         U luaO_fb2int
         U luaO_nilobject_
         U luaO_str2d
         U luaS_eqlngstr
         U luaS_newlstr
         U luaT_gettm
         U luaT_gettmbyobj
00000d50 T luaV_arith
00000880 T luaV_concat
00000f00 T luaV_equalobj_
00001000 T luaV_execute
00000b40 T luaV_finishOp
000004b0 T luaV_gettable
00000330 T luaV_lessequal
00000400 T luaV_lessthan
000001b0 T luaV_objlen
00000600 T luaV_settable
00000cf0 T luaV_tonumber
000007c0 T luaV_tostring
         U luaZ_openspace
         U memcpy
         U pow
         U strcoll
         U strlen

lzio.o:
         U luaM_realloc_
         U luaM_toobig
00000000 T luaZ_fill
00000060 T luaZ_init
00000090 T luaZ_openspace
00000100 T luaZ_read
         U memcpy

lauxlib.o:
         U _IO_getc
         U __errno_location
         U __fprintf_chk
         U __stack_chk_fail
000008b0 t errfile
         U fclose
         U feof
         U ferror
         U fflush
000017d0 t findfield
         U fopen
         U fread
         U free
         U freopen
00000b80 t getF
00000030 t getS
000000f0 t l_alloc
000013e0 T luaL_addlstring
000014a0 T luaL_addstring
00001420 T luaL_addvalue
000019a0 T luaL_argerror
00000000 T luaL_buffinit
000013a0 T luaL_buffinitsize
000005c0 T luaL_callmeta
00001ee0 T luaL_checkany
00001c30 T luaL_checkinteger
00001d70 T luaL_checklstring
00001cd0 T luaL_checknumber
00001f30 T luaL_checkoption
000015f0 T luaL_checkstack
00001e40 T luaL_checktype
00001e90 T luaL_checkudata
00001b90 T luaL_checkunsigned
00001090 T luaL_checkversion_
00001030 T luaL_error
00000f00 T luaL_execresult
00000e50 T luaL_fileresult
000003d0 t luaL_findtable
00000530 T luaL_getmetafield
00000120 T luaL_getsubtable
000014d0 T luaL_gsub
00001270 T luaL_len
00000770 T luaL_loadbufferx
00000930 T luaL_loadfilex
000007b0 T luaL_loadstring
000002c0 T luaL_newmetatable
00000050 T luaL_newstate
00001730 T luaL_openlib
00001c80 T luaL_optinteger
00001dc0 T luaL_optlstring
00001d20 T luaL_optnumber
00001be0 T luaL_optunsigned
000012e0 T luaL_prepbuffsize
00001180 T luaL_pushmodule
00000360 T luaL_pushresult
000003b0 T luaL_pushresultsize
00000c80 T luaL_ref
000001d0 T luaL_requiref
00001660 T luaL_setfuncs
00000e10 T luaL_setmetatable
00000d70 T luaL_testudata
00000640 T luaL_tolstring
00002010 T luaL_traceback
00000bf0 T luaL_unref
00000f90 T luaL_where
         U lua_absindex
         U lua_atpanic
         U lua_callk
         U lua_checkstack
         U lua_concat
         U lua_copy
         U lua_createtable
         U lua_error
         U lua_getfield
         U lua_getinfo
         U lua_getmetatable
         U lua_getstack
         U lua_gettop
         U lua_insert
         U lua_len
         U lua_load
         U lua_newstate
         U lua_newuserdata
         U lua_next
         U lua_pushboolean
         U lua_pushcclosure
         U lua_pushfstring
         U lua_pushinteger
         U lua_pushlstring
         U lua_pushnil
         U lua_pushnumber
         U lua_pushstring
         U lua_pushvalue
         U lua_pushvfstring
         U lua_rawequal
         U lua_rawget
         U lua_rawgeti
         U lua_rawlen
         U lua_rawseti
         U lua_remove
         U lua_setfield
         U lua_setglobal
         U lua_setmetatable
         U lua_settable
         U lua_settop
         U lua_toboolean
         U lua_tointegerx
         U lua_tolstring
         U lua_tonumberx
         U lua_topointer
         U lua_tounsignedx
         U lua_touserdata
         U lua_type
         U lua_typename
         U lua_version
         U memcpy
00000090 t panic
000018f0 t pushglobalfuncname
         U realloc
000007f0 t skipcomment
         U stderr
         U stdin
         U strchr
         U strcmp
         U strerror
         U strlen
         U strstr
00001b60 t tag_error
00001af0 t typeerror

lbaselib.o:
         U __ctype_b_loc
         U __ctype_toupper_loc
00000000 r base_funcs
000000b0 t dofilecont
         U fflush
000000d0 t finishpcall
         U fwrite
00000da0 t generic_reader
00000670 t ipairsaux
00000a70 t load_aux
000011f0 t luaB_assert
00001100 t luaB_collectgarbage
00001060 t luaB_dofile
00000fd0 t luaB_error
00000f60 t luaB_getmetatable
00000bc0 t luaB_ipairs
00000c40 t luaB_load
00000e90 t luaB_loadfile
00000be0 t luaB_next
00000ba0 t luaB_pairs
000009f0 t luaB_pcall
00000890 t luaB_print
00000830 t luaB_rawequal
00000760 t luaB_rawget
000007c0 t luaB_rawlen
000006f0 t luaB_rawset
000005b0 t luaB_select
000004e0 t luaB_setmetatable
000002e0 t luaB_tonumber
000002a0 t luaB_tostring
00000250 t luaB_type
00000160 t luaB_xpcall
         U luaL_argerror
         U luaL_checkany
         U luaL_checkinteger
         U luaL_checklstring
         U luaL_checkoption
         U luaL_checkstack
         U luaL_checktype
         U luaL_error
         U luaL_getmetafield
         U luaL_loadbufferx
         U luaL_loadfilex
         U luaL_optinteger
         U luaL_optlstring
         U luaL_setfuncs
         U luaL_tolstring
         U luaL_where
         U lua_callk
         U lua_checkstack
         U lua_concat
         U lua_copy
         U lua_error
         U lua_gc
         U lua_getctx
         U lua_getglobal
         U lua_getmetatable
         U lua_gettop
         U lua_insert
         U lua_isstring
         U lua_load
         U lua_next
         U lua_pcallk
         U lua_pushboolean
         U lua_pushcclosure
         U lua_pushinteger
         U lua_pushlstring
         U lua_pushnil
         U lua_pushnumber
         U lua_pushstring
         U lua_pushvalue
         U lua_rawequal
         U lua_rawget
         U lua_rawgeti
         U lua_rawlen
         U lua_rawset
         U lua_replace
         U lua_setfield
         U lua_setmetatable
         U lua_settop
         U lua_setupvalue
         U lua_toboolean
         U lua_tolstring
         U lua_tonumberx
         U lua_type
         U lua_typename
00000000 T luaopen_base
00000100 r opts.4250
000000c0 r optsnum.4251
00000ab0 t pairsmeta
00000220 t pcallcont
         U stdout
         U strspn

lbitlib.o:
00000450 t andaux
000004d0 t b_and
00000220 t b_arshift
000003f0 t b_extract
000001b0 t b_lrot
000000e0 t b_lshift
000001e0 t b_not
00000560 t b_or
00000360 t b_replace
00000130 t b_rot
00000180 t b_rrot
00000090 t b_rshift
00000050 t b_shift
000004a0 t b_test
00000500 t b_xor
00000000 r bitlib
000002a0 t fieldargs
         U luaL_argerror
         U luaL_checkinteger
         U luaL_checkunsigned
         U luaL_error
         U luaL_optinteger
         U luaL_setfuncs
         U lua_createtable
         U lua_gettop
         U lua_pushboolean
         U lua_pushunsigned
00000000 T luaopen_bit32

lcorolib.o:
         U __stack_chk_fail
00000090 t auxresume
00000000 r co_funcs
000001c0 t luaB_auxwrap
00000490 t luaB_cocreate
000003d0 t luaB_coresume
000003a0 t luaB_corunning
00000270 t luaB_costatus
00000500 t luaB_cowrap
00000050 t luaB_yield
         U luaL_argerror
         U luaL_checktype
         U luaL_setfuncs
         U luaL_where
         U lua_checkstack
         U lua_concat
         U lua_createtable
         U lua_error
         U lua_getstack
         U lua_gettop
         U lua_insert
         U lua_isstring
         U lua_newthread
         U lua_pushboolean
         U lua_pushcclosure
         U lua_pushlstring
         U lua_pushthread
         U lua_pushvalue
         U lua_resume
         U lua_settop
         U lua_status
         U lua_tothread
         U lua_xmove
         U lua_yieldk
00000000 T luaopen_coroutine

ldblib.o:
         U __fprintf_chk
         U __stack_chk_fail
00000190 t auxupvalue
000007f0 t checkupval
00001110 t db_debug
00000f80 t db_gethook
00000c10 t db_getinfo
00000a20 t db_getlocal
000009d0 t db_getmetatable
00000050 t db_getregistry
00000270 t db_getupvalue
000010b0 t db_getuservalue
00000450 t db_sethook
00000300 t db_setlocal
00000290 t db_setmetatable
00000240 t db_setupvalue
00000740 t db_setuservalue
000000d0 t db_traceback
000008b0 t db_upvalueid
00000900 t db_upvaluejoin
00000000 r dblib
         U fflush
         U fgets
00000070 t getthread
00000670 t hookf
00000088 r hooknames.4149
         U luaL_argerror
         U luaL_checkany
         U luaL_checkinteger
         U luaL_checklstring
         U luaL_checktype
         U luaL_getsubtable
         U luaL_loadbufferx
         U luaL_optinteger
         U luaL_optlstring
         U luaL_setfuncs
         U luaL_traceback
         U lua_callk
         U lua_createtable
         U lua_gethook
         U lua_gethookcount
         U lua_gethookmask
         U lua_getinfo
         U lua_getlocal
         U lua_getmetatable
         U lua_getstack
         U lua_getupvalue
         U lua_getuservalue
         U lua_insert
         U lua_iscfunction
         U lua_isnumber
         U lua_pcallk
         U lua_pushboolean
         U lua_pushfstring
         U lua_pushinteger
         U lua_pushlightuserdata
         U lua_pushlstring
         U lua_pushnil
         U lua_pushstring
         U lua_pushthread
         U lua_pushvalue
         U lua_rawget
         U lua_rawset
         U lua_remove
         U lua_setfield
         U lua_sethook
         U lua_setlocal
         U lua_setmetatable
         U lua_settop
         U lua_setupvalue
         U lua_setuservalue
         U lua_tointegerx
         U lua_tolstring
         U lua_tothread
         U lua_type
         U lua_upvalueid
         U lua_upvaluejoin
         U lua_xmove
00000000 T luaopen_debug
00000630 t settabsi
00000410 t settabss
         U stderr
         U stdin
         U strchr
         U strlen
00000ba0 t treatstackoption

liolib.o:
         U _IO_getc
         U __errno_location
         U __fprintf_chk
         U __isoc99_fscanf
         U __stack_chk_fail
00000370 t aux_close
00000e00 t aux_lines
         U clearerr
00000b20 t createstdfile
00001150 t f_flush
00000400 t f_gc
00000fa0 t f_lines
000009d0 t f_read
000013a0 t f_seek
00001300 t f_setvbuf
00001280 t f_tostring
00000ae0 t f_write
         U fclose
         U ferror
         U fflush
         U fgets
00000060 r flib
         U fopen64
         U fread
         U fseek
         U ftell
         U fwrite
00000c10 t g_iofile
00000720 t g_read
00000070 t g_write
00000000 t getiofile
000003b0 t io_close
000004a0 t io_fclose
00001110 t io_flush
00000ce0 t io_input
00000ed0 t io_lines
00000440 t io_noclose
00000d00 t io_open
00000cc0 t io_output
00000aa0 t io_pclose
00000a00 t io_popen
000009a0 t io_read
00000fd0 t io_readline
000002a0 t io_tmpfile
000001c0 t io_type
00000190 t io_write
00000000 r iolib
         U luaL_argerror
         U luaL_buffinit
         U luaL_checkany
         U luaL_checklstring
         U luaL_checkoption
         U luaL_checkstack
         U luaL_checkudata
         U luaL_error
         U luaL_execresult
         U luaL_fileresult
         U luaL_newmetatable
         U luaL_optinteger
         U luaL_optlstring
         U luaL_optnumber
         U luaL_prepbuffsize
         U luaL_pushresult
         U luaL_setfuncs
         U luaL_setmetatable
         U luaL_testudata
         U lua_createtable
         U lua_getfield
         U lua_gettop
         U lua_newuserdata
         U lua_pushboolean
         U lua_pushcclosure
         U lua_pushfstring
         U lua_pushinteger
         U lua_pushlstring
         U lua_pushnil
         U lua_pushnumber
         U lua_pushvalue
         U lua_rawlen
         U lua_replace
         U lua_setfield
         U lua_settop
         U lua_toboolean
         U lua_tointegerx
         U lua_tolstring
         U lua_tonumberx
         U lua_touserdata
         U lua_type
00001190 T luaopen_io
000000dc r mode.4358
000000c0 r mode.4384
000000cc r modenames.4359
000000b0 r modenames.4385
00000250 t newprefile
00000b90 t opencheck
00000580 t read_all
000004f0 t read_chars
00000630 t read_line
         U setvbuf
         U stderr
         U stdin
         U stdout
         U strchr
         U strerror
         U strlen
         U tmpfile64
00000310 t tofile
         U ungetc

lmathlib.o:
         U acos
         U asin
         U atan
         U atan2
         U ceil
         U cos
         U cosh
         U exp
         U floor
         U fmod
         U frexp
         U ldexp
         U log
         U log10
         U luaL_argerror
         U luaL_checkinteger
         U luaL_checknumber
         U luaL_checkunsigned
         U luaL_error
         U luaL_setfuncs
         U lua_createtable
         U lua_gettop
         U lua_pushinteger
         U lua_pushnumber
         U lua_setfield
         U lua_type
00000000 T luaopen_math
00000140 t math_abs
00000ce0 t math_acos
00000c80 t math_asin
00000bb0 t math_atan
00000c10 t math_atan2
00000b50 t math_ceil
00000a90 t math_cos
00000af0 t math_cosh
000000f0 t math_deg
00000a30 t math_exp
000009d0 t math_floor
00000930 t math_fmod
000008c0 t math_frexp
00000850 t math_ldexp
00000710 t math_log
000007f0 t math_log10
00000430 t math_max
000003c0 t math_min
000006a0 t math_modf
00000630 t math_pow
000000a0 t math_rad
000004a0 t math_random
00000390 t math_randomseed
000002d0 t math_sin
00000330 t math_sinh
00000250 t math_sqrt
00000190 t math_tan
000001f0 t math_tanh
00000000 r mathlib
         U modf
         U pow
         U rand
         U sin
         U sinh
         U sqrt
         U srand
         U tan
         U tanh

loslib.o:
00000029 r .LC12
         U __stack_chk_fail
0000007c r cat.4342
00000060 r catnames.4343
         U clock
         U difftime
         U exit
         U getenv
000000c0 t getfield
         U gmtime
         U localtime
         U luaL_addlstring
         U luaL_argerror
         U luaL_buffinit
         U luaL_checklstring
         U luaL_checknumber
         U luaL_checkoption
         U luaL_checktype
         U luaL_error
         U luaL_execresult
         U luaL_fileresult
         U luaL_optinteger
         U luaL_optlstring
         U luaL_optnumber
         U luaL_prepbuffsize
         U luaL_pushresult
         U luaL_setfuncs
         U lua_close
         U lua_createtable
         U lua_getfield
         U lua_pushboolean
         U lua_pushfstring
         U lua_pushinteger
         U lua_pushnil
         U lua_pushnumber
         U lua_pushstring
         U lua_setfield
         U lua_settop
         U lua_toboolean
         U lua_tointegerx
         U lua_type
00000000 T luaopen_os
         U mktime
000009d0 t os_clock
00000640 t os_date
00000590 t os_difftime
00000510 t os_execute
00000470 t os_exit
00000420 t os_getenv
000003c0 t os_remove
00000350 t os_rename
000002d0 t os_setlocale
00000150 t os_time
00000050 t os_tmpname
         U remove
         U rename
00000600 t setfield
         U setlocale
         U strchr
         U strftime
00000000 r syslib
         U system
         U time
         U tmpnam

lstrlib.o:
         U __ctype_b_loc
         U __ctype_tolower_loc
         U __ctype_toupper_loc
         U __memcpy_chk
         U __sprintf_chk
         U __stack_chk_fail
00001d00 t addlenmod
00000280 t classend
00001a60 t gmatch
00001ae0 t gmatch_aux
         U luaL_addlstring
         U luaL_addstring
         U luaL_addvalue
         U luaL_argerror
         U luaL_buffinit
         U luaL_buffinitsize
         U luaL_checkinteger
         U luaL_checklstring
         U luaL_checknumber
         U luaL_checkstack
         U luaL_checktype
         U luaL_error
         U luaL_optinteger
         U luaL_optlstring
         U luaL_prepbuffsize
         U luaL_pushresult
         U luaL_pushresultsize
         U luaL_setfuncs
         U luaL_tolstring
         U lua_callk
         U lua_createtable
         U lua_dump
         U lua_gettable
         U lua_gettop
         U lua_isstring
         U lua_pushcclosure
         U lua_pushinteger
         U lua_pushlstring
         U lua_pushnil
         U lua_pushvalue
         U lua_replace
         U lua_setfield
         U lua_setmetatable
         U lua_settop
         U lua_toboolean
         U lua_tointegerx
         U lua_tolstring
         U lua_type
         U lua_typename
00002610 T luaopen_string
00000980 t match
000006b0 t match_class
00000810 t matchbracketclass
00000900 t max_expand
         U memchr
         U memcpy
00000e50 t push_captures
000004f0 t push_onecapture
000008a0 t singlematch
00000dd0 t start_capture
00001300 t str_byte
00001c20 t str_char
00002560 t str_dump
000012e0 t str_find
00000ee0 t str_find_aux
00001d60 t str_format
00001490 t str_gsub
000005b0 t str_len
000005f0 t str_lower
000012c0 t str_match
00000330 t str_rep
000000c0 t str_reverse
00000170 t str_sub
00000000 t str_upper
         U strchr
         U strcpy
         U strlen
00000140 r strlib
         U strpbrk
00001460 t writer

ltablib.o:
         U __stack_chk_fail
000009e0 t addfield
000001a0 t auxsort
         U luaL_addlstring
         U luaL_addvalue
         U luaL_buffinit
         U luaL_checkinteger
         U luaL_checkstack
         U luaL_checktype
         U luaL_error
         U luaL_len
         U luaL_optinteger
         U luaL_optlstring
         U luaL_pushresult
         U luaL_setfuncs
         U lua_callk
         U lua_checkstack
         U lua_compare
         U lua_createtable
         U lua_getfield
         U lua_gettop
         U lua_isstring
         U lua_next
         U lua_pushinteger
         U lua_pushnil
         U lua_pushnumber
         U lua_pushvalue
         U lua_rawgeti
         U lua_rawseti
         U lua_replace
         U lua_setfield
         U lua_setglobal
         U lua_settop
         U lua_toboolean
         U lua_tonumberx
         U lua_type
         U lua_typename
00000000 T luaopen_table
00000930 t maxn
00000870 t pack
00000150 t set2
000004e0 t sort
00000070 t sort_comp
00000000 r tab_funcs
00000a70 t tconcat
00000780 t tinsert
00000580 t tremove
00000660 t unpack

loadlib.o:
00001090 t T.65
         U __stack_chk_fail
00000000 t checkload
         U fclose
00000090 t findloader
         U fopen
00000c90 t gctm
         U getenv
00000020 r ll_funcs
00000a60 t ll_loadfunc
00000b30 t ll_loadlib
000003e0 t ll_module
00000250 t ll_require
00000980 t ll_searchpath
00000670 t ll_seeall
00000bd0 t loadfunc
         U luaL_addvalue
         U luaL_buffinit
         U luaL_checklstring
         U luaL_checktype
         U luaL_error
         U luaL_getsubtable
         U luaL_gsub
         U luaL_len
         U luaL_loadfilex
         U luaL_optlstring
         U luaL_pushmodule
         U luaL_pushresult
         U luaL_setfuncs
         U lua_callk
         U lua_createtable
         U lua_getfield
         U lua_getinfo
         U lua_getmetatable
         U lua_getstack
         U lua_gettop
         U lua_insert
         U lua_iscfunction
         U lua_isstring
         U lua_pushboolean
         U lua_pushcclosure
         U lua_pushfstring
         U lua_pushlstring
         U lua_pushnil
         U lua_pushstring
         U lua_pushvalue
         U lua_rawgeti
         U lua_rawseti
         U lua_remove
         U lua_setfield
         U lua_setmetatable
         U lua_settop
         U lua_setupvalue
         U lua_toboolean
         U lua_tolstring
         U lua_touserdata
         U lua_type
00000e10 T luaopen_package
00000000 r pk_funcs
000011a0 t searcher_C
00001220 t searcher_Croot
00001120 t searcher_Lua
00000720 t searcher_preload
00000038 r searchers.4274
000007b0 t searchpath
00000d00 t setpath
         U strchr
         U strlen
         U strrchr

linit.o:
00000000 r loadedlibs
         U luaL_getsubtable
00000000 T luaL_openlibs
         U luaL_requiref
         U lua_settop
         U luaopen_base
         U luaopen_bit32
         U luaopen_coroutine
         U luaopen_debug
         U luaopen_io
         U luaopen_math
         U luaopen_os
         U luaopen_package
         U luaopen_string
         U luaopen_table
