080cce01 t .L100
080ccdf3 t .L101
080c8dfc t .L102
080ccc24 t .L102
080c8df4 t .L103
080cceba t .L103
080cce64 t .L104
080cce56 t .L105
080c8ddf t .L106
080cce49 t .L106
080c8dec t .L107
080cce3c t .L107
080c8da4 t .L108
080c8dd8 t .L109
080cced2 t .L19
080ccec7 t .L20
080c95a8 t .L207
080c9530 t .L208
080c9518 t .L209
080c9500 t .L210
080c94e8 t .L211
080c9018 t .L212
080c94d8 t .L213
080c94c8 t .L214
080c94b8 t .L215
080c9470 t .L216
080c9450 t .L217
080c9430 t .L218
080c9420 t .L219
080c9400 t .L220
080c93d8 t .L221
080c9398 t .L222
080c9320 t .L223
080c9268 t .L224
080c9238 t .L225
080c92b8 t .L226
080c92a8 t .L227
080c92c8 t .L228
080c91c0 t .L229
080ccf0c t .L23
080c9118 t .L230
080c9060 t .L231
080c903f t .L232
080c9548 t .L233
080ccf01 t .L24
080c97af t .L248
080c97a4 t .L249
080cc9aa t .L25
080c9791 t .L252
080c97f4 t .L253
080c965e t .L254
080c9693 t .L255
080ccde9 t .L26
080c9903 t .L304
080c9916 t .L305
080c9930 t .L306
080c9945 t .L307
080c97ff t .L308
080c9813 t .L309
080c9826 t .L310
080c9839 t .L311
080c984e t .L312
080c98c3 t .L313
080c98d8 t .L314
080c98eb t .L315
080c995c t .L316
080c9863 t .L317
080c987b t .L318
080c9893 t .L319
080c98ab t .L320
080c9001 t .L325
080c9b87 t .L353
080c9ca8 t .L354
080c9c80 t .L355
080c9c00 t .L356
080c9bc0 t .L357
080c9b18 t .L358
080ca377 t .L432
080ca3bf t .L433
080ca3a0 t .L436
080ca3b4 t .L437
080ca1c8 t .L438
080ca1fe t .L439
080c9fe0 t .L470
080ca4a9 t .L472
080ca4e7 t .L473
080ca530 t .L474
080ca523 t .L475
080ca510 t .L476
080ca502 t .L477
080ca205 t .L478
080ca4f5 t .L479
080cccee t .L48
080ccce3 t .L49
080ccc88 t .L52
080cccd8 t .L53
080ccb30 t .L54
080ccb98 t .L55
080c8696 t .L59
080c8677 t .L63
080cb292 t .L63
080c878f t .L64
080c87fc t .L65
080cb348 t .L65
080c881a t .L66
080cb390 t .L66
080c8838 t .L67
080c8855 t .L68
080c889d t .L69
080cb2f0 t .L69
080c88d0 t .L70
080cb380 t .L70
080c8900 t .L71
080cb2a8 t .L71
080c8930 t .L72
080cb2e8 t .L72
080c898e t .L73
080c89bf t .L74
080ccda0 t .L74
080c89e5 t .L75
080ccd92 t .L75
080c8a48 t .L76
080ccba0 t .L76
080c8a80 t .L77
080ccd25 t .L77
080c8aae t .L78
080ccd40 t .L78
080c8ae7 t .L79
080ccd32 t .L79
080c8b3f t .L80
080ccd18 t .L80
080c8b85 t .L81
080ccddc t .L81
080c8bdb t .L82
080c8bfb t .L83
080c8c5d t .L84
080c8ca5 t .L85
080c8cff t .L86
080c8d28 t .L87
080c872b t .L88
080cca98 t .L98
080e7920 r CSWTCH.47
080e7940 r CSWTCH.50
080e7960 r CSWTCH.53
080cf020 r CSWTCH.79
080cf0a0 r CSWTCH.82
080cf120 r CSWTCH.85
080cf1a0 r CSWTCH.88
0804d2c0 t DumpBlock
0804d360 t DumpFunction
0804d2f0 t DumpString
0804e530 t GCTM
08055500 t LoadBlock
080555e0 t LoadFunction
08055540 t LoadInt
08055570 t LoadString
080f2594 d LogFacility
080f2590 d LogFile
080f2588 d LogMask
080f3a04 b LogStat
080f3a08 b LogTag
080f258c d LogType
080f3a20 b SyslogAddr
080b7c10 t T.144
08056a40 t T.156
0804ef00 t T.44
08067920 t T.65
0808cf4c W _Exit
080f1ff4 d _GLOBAL_OFFSET_TABLE_
080f2280 D _IO_2_1_stderr_
080f2140 D _IO_2_1_stdin_
080f21e0 D _IO_2_1_stdout_
0807cfb0 T _IO_adjust_column
08078a20 T _IO_adjust_wcolumn
0807df10 T _IO_cleanup
0807e4d0 T _IO_default_doallocate
0807e450 T _IO_default_finish
0807d1f0 T _IO_default_imbue
0807d790 T _IO_default_pbackfail
0807d1c0 T _IO_default_read
0807d1a0 T _IO_default_seek
0807cf00 T _IO_default_seekoff
0807cd30 T _IO_default_seekpos
0807d360 T _IO_default_setbuf
0807d1e0 T _IO_default_showmanyc
0807d1b0 T _IO_default_stat
0807cef0 T _IO_default_sync
0807ccd0 T _IO_default_uflow
0807ccc0 T _IO_default_underflow
0807d1d0 T _IO_default_write
0807da70 T _IO_default_xsgetn
0807d510 T _IO_default_xsputn
0807b6e0 W _IO_do_write
0807d420 T _IO_doallocbuf
08076830 W _IO_fclose
08076a20 W _IO_fdopen
08077cf0 T _IO_feof
08077da0 T _IO_ferror
08076c80 T _IO_fflush
08076d80 T _IO_fgets
0807a920 W _IO_file_attach
0807b7a0 T _IO_file_close
0807c4f0 W _IO_file_close_it
0807b7c0 T _IO_file_close_mmap
080b1ba0 T _IO_file_doallocate
0807c470 W _IO_file_finish
0807c680 W _IO_file_fopen
0807c430 W _IO_file_init
080d50e0 R _IO_file_jumps
080d51a0 R _IO_file_jumps_maybe_mmap
080d5140 R _IO_file_jumps_mmap
0807c320 T _IO_file_open
0807c020 W _IO_file_overflow
0807b830 T _IO_file_read
0807ac20 T _IO_file_seek
0807ba70 W _IO_file_seekoff
0807ab30 t _IO_file_seekoff_maybe_mmap
0807a9d0 T _IO_file_seekoff_mmap
0807c250 W _IO_file_setbuf
0807c2b0 T _IO_file_setbuf_mmap
0807b800 T _IO_file_stat
0807bf40 W _IO_file_sync
0807ab80 t _IO_file_sync_mmap
0807b860 W _IO_file_underflow
0807ae60 T _IO_file_underflow_maybe_mmap
0807b200 T _IO_file_underflow_mmap
0807b710 W _IO_file_write
0807b250 T _IO_file_xsgetn
0807ae10 t _IO_file_xsgetn_maybe_mmap
0807b0f0 t _IO_file_xsgetn_mmap
0807b520 W _IO_file_xsputn
0807e0b0 T _IO_flush_all
0807db10 T _IO_flush_all_linebuffered
0807dcf0 T _IO_flush_all_lockp
08077040 W _IO_fopen
08077c20 T _IO_fopen64
080a58b0 W _IO_fprintf
08077070 T _IO_fputs
080771a0 T _IO_fread
0807d480 T _IO_free_backup_area
08078bc0 T _IO_free_wbackup_area
080772d0 T _IO_ftell
080ab850 T _IO_funlockfile
080b2450 T _IO_fwide
08077490 T _IO_fwrite
08078170 T _IO_getc
080b1cc0 T _IO_getdelim
08077760 T _IO_getline
080775f0 T _IO_getline_info
080e5d60 r _IO_helper_jumps
080e6540 r _IO_helper_jumps
0809c4e0 t _IO_helper_overflow
080ab890 t _IO_helper_overflow
0807ceb0 T _IO_init
0807d000 T _IO_init_marker
08078a60 T _IO_init_wmarker
0807d200 T _IO_iter_begin
0807d210 T _IO_iter_end
0807d230 T _IO_iter_file
0807d220 T _IO_iter_next
0807cb80 T _IO_least_marker
08078820 T _IO_least_wmarker
0807e0d0 T _IO_link_in
080f2318 D _IO_list_all
080f33fc b _IO_list_all_stamp
0807d240 T _IO_list_lock
0807d2c0 T _IO_list_resetlock
0807d280 T _IO_list_unlock
0807d0c0 T _IO_marker_delta
0807d0a0 T _IO_marker_difference
080b27a0 t _IO_mem_finish
080e7980 r _IO_mem_jumps
080b2750 t _IO_mem_sync
0807b6e0 T _IO_new_do_write
08076830 T _IO_new_fclose
08076a20 T _IO_new_fdopen
0807a920 T _IO_new_file_attach
0807c4f0 T _IO_new_file_close_it
0807c470 T _IO_new_file_finish
0807c680 T _IO_new_file_fopen
0807c430 T _IO_new_file_init
0807c020 T _IO_new_file_overflow
0807ba70 T _IO_new_file_seekoff
0807c250 T _IO_new_file_setbuf
0807bf40 T _IO_new_file_sync
0807b860 T _IO_new_file_underflow
0807b710 T _IO_new_file_write
0807b520 T _IO_new_file_xsputn
08077040 T _IO_new_fopen
0807ce10 T _IO_no_init
0807cd70 T _IO_old_init
080b1f50 T _IO_padn
0807d060 T _IO_remove_marker
0807d0f0 T _IO_seekmark
080778a0 T _IO_seekoff
080777a0 T _IO_seekoff_unlocked
08078b10 T _IO_seekwmark
0807d2f0 T _IO_setb
080779b0 T _IO_setvbuf
0807cd10 T _IO_sgetn
080a58e0 T _IO_sprintf
0807cf10 T _IO_sputbackc
08078980 T _IO_sputbackwc
080ab820 T _IO_sscanf
080f2564 D _IO_stderr
080f340c b _IO_stdfile_0_lock
080f3418 b _IO_stdfile_1_lock
080f3424 b _IO_stdfile_2_lock
080f255c D _IO_stdin
080cdfa4 R _IO_stdin_used
080f2560 D _IO_stdout
080d7f80 r _IO_str_chk_jumps
0808fdb0 t _IO_str_chk_overflow
0807e6c0 T _IO_str_count
0807e6e0 T _IO_str_finish
0807ecd0 T _IO_str_init_readonly
0807ed10 T _IO_str_init_static
0807ec30 T _IO_str_init_static_internal
080d5220 R _IO_str_jumps
0807eaa0 T _IO_str_overflow
0807e720 T _IO_str_pbackfail
0807e8e0 T _IO_str_seekoff
0807e670 T _IO_str_underflow
0807cf60 T _IO_sungetc
080789d0 T _IO_sungetwc
0807cbe0 T _IO_switch_to_backup_area
0807cc10 T _IO_switch_to_get_mode
0807cbb0 T _IO_switch_to_main_get_area
08078860 T _IO_switch_to_main_wget_area
08078890 T _IO_switch_to_wbackup_area
08078900 T _IO_switch_to_wget_mode
0807e260 T _IO_un_link
08077b60 T _IO_ungetc
0807d4e0 T _IO_unsave_markers
08078c30 T _IO_unsave_wmarkers
08078260 T _IO_vasprintf
080b2810 T _IO_vdprintf
0809ca90 T _IO_vfprintf
0809ca90 T _IO_vfprintf_internal
080a5940 T _IO_vfscanf
080a5940 T _IO_vfscanf_internal
080abb60 T _IO_vfwprintf
080b2000 T _IO_vsprintf
080b20b0 T _IO_vsscanf
08079490 T _IO_wdefault_doallocate
08079570 T _IO_wdefault_finish
080792a0 T _IO_wdefault_pbackfail
080788c0 T _IO_wdefault_uflow
080790b0 T _IO_wdefault_xsgetn
08078cb0 T _IO_wdefault_xsputn
0807a290 T _IO_wdo_write
08079500 T _IO_wdoallocbuf
080b2b60 T _IO_wfile_doallocate
080d4f80 R _IO_wfile_jumps
080d5040 R _IO_wfile_jumps_maybe_mmap
080d4fe0 R _IO_wfile_jumps_mmap
0807a6a0 T _IO_wfile_overflow
08079790 T _IO_wfile_seekoff
0807a540 T _IO_wfile_sync
08079d50 T _IO_wfile_underflow
08079610 t _IO_wfile_underflow_maybe_mmap
08079650 t _IO_wfile_underflow_mmap
0807a3c0 T _IO_wfile_xsputn
080f2320 d _IO_wide_data_0
080f23e0 d _IO_wide_data_1
080f24a0 d _IO_wide_data_2
08078ad0 T _IO_wmarker_delta
080b2c10 T _IO_wpadn
08079410 T _IO_wsetb
         w _Jv_RegisterClasses
080f200c D _LIB_VERSION
080769e7 t _L_lock_102
08084f87 t _L_lock_10206
080ab805 t _L_lock_1023
08072a0e t _L_lock_103
0809b50e t _L_lock_103
08075bd7 t _L_lock_106
08084f9f t _L_lock_11043
08084fb7 t _L_lock_11202
0807e55a t _L_lock_1124
08098bd6 t _L_lock_113
080b0e61 t _L_lock_11301
08084fcf t _L_lock_11388
08084fef t _L_lock_11428
0806ecb0 t _L_lock_1178
0808fd0d t _L_lock_126
08072a2e t _L_lock_150
0806fef5 t _L_lock_158
08084c4f t _L_lock_1615
08071d78 t _L_lock_168
080896e2 t _L_lock_1689
080729ce t _L_lock_17
0809b4ee t _L_lock_17
080a5886 t _L_lock_18
08089702 t _L_lock_1831
08077989 t _L_lock_187
08089722 t _L_lock_1870
0806ecf0 t _L_lock_1873
080a17ab t _L_lock_188
0809290e t _L_lock_2074
0807cad5 t _L_lock_2134
08071d58 t _L_lock_22
08072819 t _L_lock_22
080a40a9 t _L_lock_22
08084c6f t _L_lock_2333
0809b52e t _L_lock_240
08084c8f t _L_lock_2406
08075bf7 t _L_lock_245
080b4582 t _L_lock_25
0807e57a t _L_lock_2556
0807e58a t _L_lock_2617
0807e5b2 t _L_lock_2794
0807e5c2 t _L_lock_2858
08077cd5 t _L_lock_32
08077d80 t _L_lock_32
08077e30 t _L_lock_32
0807e5f6 t _L_lock_3299
0807823f t _L_lock_33
0807e606 t _L_lock_3331
0807672e t _L_lock_34
08077468 t _L_lock_34
080b2a68 t _L_lock_34
0807e62e t _L_lock_3485
08078152 t _L_lock_35
0807e63e t _L_lock_3517
0808e989 t _L_lock_365
08076d5a t _L_lock_37
0808ff70 t _L_lock_38
08075c27 t _L_lock_382
080769db t _L_lock_39
08090090 t _L_lock_39
08084caf t _L_lock_3984
08084cc7 t _L_lock_4055
08077b3c t _L_lock_41
08084d07 t _L_lock_4159
08077181 t _L_lock_43
08077c05 t _L_lock_43
0807804f t _L_lock_45
08076ee8 t _L_lock_46
080772a3 t _L_lock_47
080775d0 t _L_lock_47
08084d1f t _L_lock_4709
08084d3f t _L_lock_4859
08084d5b t _L_lock_4899
08075bb7 t _L_lock_49
080c250c t _L_lock_493
08084c17 t _L_lock_50
080b1f24 t _L_lock_50
080cdac8 t _L_lock_51
080729ee t _L_lock_56
080928ee t _L_lock_564
08070579 t _L_lock_608
0808e979 t _L_lock_62
0808e999 t _L_lock_638
080b0e49 t _L_lock_646
08084d6b t _L_lock_7355
08093588 t _L_lock_764
08084d8b t _L_lock_7730
08084dab t _L_lock_7835
08084dcf t _L_lock_8621
08084def t _L_lock_8669
08084e23 t _L_lock_8935
080a17c3 t _L_lock_907
08084e5b t _L_lock_9188
0807a8f4 t _L_lock_931
08084e87 t _L_lock_9317
08084eb7 t _L_lock_9525
08084ef3 t _L_lock_9613
08084c23 t _L_lock_97
08084f13 t _L_lock_9706
08084f4b t _L_lock_9960
08084f7b t _L_unlock_10013
080a17cf t _L_unlock_1004
08084f93 t _L_unlock_10242
0807718d t _L_unlock_107
08084fab t _L_unlock_11058
080769f7 t _L_unlock_112
08084fc3 t _L_unlock_11210
080b0e6d t _L_unlock_11374
08084fdf t _L_unlock_11398
08084fff t _L_unlock_11453
0807e56a t _L_unlock_1152
08072829 t _L_unlock_116
08072a1e t _L_unlock_119
08077b48 t _L_unlock_120
08076743 t _L_unlock_126
08078167 t _L_unlock_129
08078254 t _L_unlock_129
0806ecc0 t _L_unlock_1321
0807a900 t _L_unlock_1323
0807805b t _L_unlock_133
08084c33 t _L_unlock_133
08075be7 t _L_unlock_136
08076d6f t _L_unlock_137
08098be6 t _L_unlock_137
0806ecd0 t _L_unlock_1379
08084c3f t _L_unlock_141
0806ece0 t _L_unlock_1414
08071d68 t _L_unlock_145
0809b51e t _L_unlock_145
0808ff85 t _L_unlock_149
080900a5 t _L_unlock_151
0807a90c t _L_unlock_1514
08072a3e t _L_unlock_159
08077474 t _L_unlock_161
080b2a74 t _L_unlock_161
08077196 t _L_unlock_162
080772b8 t _L_unlock_162
08084c5f t _L_unlock_1632
08076ef4 t _L_unlock_166
080896f2 t _L_unlock_1745
0806ff05 t _L_unlock_180
080775dc t _L_unlock_184
08089712 t _L_unlock_1849
0808972f t _L_unlock_1878
0806ed00 t _L_unlock_1881
080ab87f t _L_unlock_19
08076a07 t _L_unlock_198
0809291e t _L_unlock_2097
080775e5 t _L_unlock_214
0809292e t _L_unlock_2160
0809293e t _L_unlock_2177
0807cae1 t _L_unlock_2179
08076efd t _L_unlock_218
08077480 t _L_unlock_218
080b2a80 t _L_unlock_218
0808fd1d t _L_unlock_220
0809294e t _L_unlock_2262
08076a10 t _L_unlock_229
0807caed t _L_unlock_2333
08084c7f t _L_unlock_2341
080b1f30 t _L_unlock_237
08077995 t _L_unlock_241
08077b54 t _L_unlock_245
08078067 t _L_unlock_249
080729de t _L_unlock_26
0807e53e t _L_unlock_26
0807e596 t _L_unlock_2652
0807e5a2 t _L_unlock_2682
0809b4fe t _L_unlock_27
08084c9f t _L_unlock_2707
08075c07 t _L_unlock_276
0807799e t _L_unlock_287
0807e5ce t _L_unlock_2921
0807e5da t _L_unlock_3009
080a17b7 t _L_unlock_308
0807e5ea t _L_unlock_3211
0807e612 t _L_unlock_3376
0807e622 t _L_unlock_3433
0806ff15 t _L_unlock_345
08075c17 t _L_unlock_349
0809b53e t _L_unlock_350
080b1f3c t _L_unlock_351
0807e64a t _L_unlock_3601
0807e65a t _L_unlock_3674
08084cbb t _L_unlock_3992
0807e54a t _L_unlock_40
08084cd7 t _L_unlock_4080
08084ce7 t _L_unlock_4097
08084cf7 t _L_unlock_4114
080a40b9 t _L_unlock_42
080a5896 t _L_unlock_42
08084d13 t _L_unlock_4347
08084d2f t _L_unlock_4724
0809b54e t _L_unlock_478
08084d4b t _L_unlock_4872
0809b55e t _L_unlock_522
080c251c t _L_unlock_541
08077d89 t _L_unlock_59
08077e39 t _L_unlock_59
080928fe t _L_unlock_599
08077cde t _L_unlock_60
0809b56e t _L_unlock_619
080cdad5 t _L_unlock_64
0808e9a9 t _L_unlock_662
080729fe t _L_unlock_70
08070589 t _L_unlock_705
08075bc7 t _L_unlock_71
0807824b t _L_unlock_71
08084d7b t _L_unlock_7374
080b0e55 t _L_unlock_743
08084d9b t _L_unlock_7750
08093598 t _L_unlock_776
08076d66 t _L_unlock_80
08084db7 t _L_unlock_8041
0807673a t _L_unlock_81
08077c0e t _L_unlock_84
08084dc3 t _L_unlock_8403
0807815e t _L_unlock_85
08084ddf t _L_unlock_8630
08084dfb t _L_unlock_8683
08084e0b t _L_unlock_8695
08084e17 t _L_unlock_8831
08084e33 t _L_unlock_8945
08084e43 t _L_unlock_8996
0808e969 t _L_unlock_9
08084e4f t _L_unlock_9083
080772af t _L_unlock_91
08084e6b t _L_unlock_9198
08084e7b t _L_unlock_9246
08084e93 t _L_unlock_9325
0808ff7c t _L_unlock_94
08084e9f t _L_unlock_9433
08084eab t _L_unlock_9516
08084ec7 t _L_unlock_9534
08084ed7 t _L_unlock_9559
08084ee7 t _L_unlock_9571
0809009c t _L_unlock_96
080b458f t _L_unlock_96
08084f03 t _L_unlock_9616
08084f23 t _L_unlock_9777
080ab7f9 t _L_unlock_983
08084f33 t _L_unlock_9885
08084f3f t _L_unlock_9951
08084f5b t _L_unlock_9970
08084f6b t _L_unlock_9996
080ca6e0 T _Unwind_Backtrace
080c83e0 t _Unwind_DebugHook
080c83f0 T _Unwind_DeleteException
080c85a0 T _Unwind_FindEnclosingFunction
080cc5a0 T _Unwind_Find_FDE
080ca890 T _Unwind_ForcedUnwind
080ca770 t _Unwind_ForcedUnwind_Phase2
080c8350 T _Unwind_GetCFA
080c83c0 T _Unwind_GetDataRelBase
080c8480 T _Unwind_GetGR
080c8360 T _Unwind_GetIP
080c8370 T _Unwind_GetIPInfo
080c83a0 T _Unwind_GetLanguageSpecificData
080c83b0 T _Unwind_GetRegionStart
080c83d0 T _Unwind_GetTextRelBase
080cb9e0 t _Unwind_IteratePhdrCallback
080cabf0 T _Unwind_RaiseException
080ca950 t _Unwind_RaiseException_Phase2
080caa10 T _Unwind_Resume
080cad50 T _Unwind_Resume_or_Rethrow
080c8410 T _Unwind_SetGR
080c8390 T _Unwind_SetIP
080c84e0 t _Unwind_SetSpColumn
080f1fac d __CTOR_END__
080f1fa8 d __CTOR_LIST__
080f1fb8 D __DTOR_END__
080f1fb0 d __DTOR_LIST__
080ea8fc r __EH_FRAME_BEGIN__
080f04d0 r __FRAME_END__
080b2000 T __IO_vsprintf
080f1fbc d __JCR_END__
080f1fbc d __JCR_LIST__
080e8113 r __PRETTY_FUNCTION__.10045
080d4ec4 r __PRETTY_FUNCTION__.10063
080d8c9a r __PRETTY_FUNCTION__.10075
080e5e83 r __PRETTY_FUNCTION__.10288
080d8ec0 r __PRETTY_FUNCTION__.10297
080d865d r __PRETTY_FUNCTION__.10317
080e7866 r __PRETTY_FUNCTION__.10444
080d8c80 r __PRETTY_FUNCTION__.10541
080e58ab r __PRETTY_FUNCTION__.10592
080e6108 r __PRETTY_FUNCTION__.10621
080d8ea0 r __PRETTY_FUNCTION__.10643
080d8c66 r __PRETTY_FUNCTION__.10910
080d8e80 r __PRETTY_FUNCTION__.11037
080d8e40 r __PRETTY_FUNCTION__.11289
080d8e00 r __PRETTY_FUNCTION__.11402
080e5e5f r __PRETTY_FUNCTION__.11568
080d8dc0 r __PRETTY_FUNCTION__.11685
080d8d80 r __PRETTY_FUNCTION__.11822
080d771b r __PRETTY_FUNCTION__.3197
080d7727 r __PRETTY_FUNCTION__.3239
080d7738 r __PRETTY_FUNCTION__.3355
080d3e22 r __PRETTY_FUNCTION__.4806
080d7e6a r __PRETTY_FUNCTION__.5339
080d6937 r __PRETTY_FUNCTION__.5517
080d6729 r __PRETTY_FUNCTION__.5641
080d6926 r __PRETTY_FUNCTION__.6178
080d8a97 r __PRETTY_FUNCTION__.6414
080ea046 r __PRETTY_FUNCTION__.6654
080ea03d r __PRETTY_FUNCTION__.6733
080ea1ce r __PRETTY_FUNCTION__.6861
080d1b82 r __PRETTY_FUNCTION__.6969
080ea1b7 r __PRETTY_FUNCTION__.7015
080d22d8 r __PRETTY_FUNCTION__.7052
080d8418 r __PRETTY_FUNCTION__.7099
080d2d05 r __PRETTY_FUNCTION__.7198
080d9152 r __PRETTY_FUNCTION__.7289
080d845b r __PRETTY_FUNCTION__.7310
080d846b r __PRETTY_FUNCTION__.7336
080d9141 r __PRETTY_FUNCTION__.7353
080d90af r __PRETTY_FUNCTION__.7410
080d2cee r __PRETTY_FUNCTION__.7445
080d221b r __PRETTY_FUNCTION__.7542
080e9470 r __PRETTY_FUNCTION__.7562
080d4e11 r __PRETTY_FUNCTION__.7682
080e7b3e r __PRETTY_FUNCTION__.7692
080e7a6a r __PRETTY_FUNCTION__.7695
080e7b6e r __PRETTY_FUNCTION__.7698
080e7bd6 r __PRETTY_FUNCTION__.7698
080e7bbb r __PRETTY_FUNCTION__.7699
080e8989 r __PRETTY_FUNCTION__.7763
080e9fc6 r __PRETTY_FUNCTION__.7814
080d9020 r __PRETTY_FUNCTION__.7883
080e9236 r __PRETTY_FUNCTION__.8033
080e8e18 r __PRETTY_FUNCTION__.8079
080d9000 r __PRETTY_FUNCTION__.8193
080e8dff r __PRETTY_FUNCTION__.8232
080e8394 r __PRETTY_FUNCTION__.8233
080e8aa5 r __PRETTY_FUNCTION__.8239
080e9368 r __PRETTY_FUNCTION__.8268
080e98a7 r __PRETTY_FUNCTION__.8284
080e9352 r __PRETTY_FUNCTION__.8346
080e9895 r __PRETTY_FUNCTION__.8444
080d8fc0 r __PRETTY_FUNCTION__.8456
080e933e r __PRETTY_FUNCTION__.8481
080e833f r __PRETTY_FUNCTION__.8597
080d8ce9 r __PRETTY_FUNCTION__.8626
080e836a r __PRETTY_FUNCTION__.8668
080d7f3f r __PRETTY_FUNCTION__.8686
080d4f5e r __PRETTY_FUNCTION__.8726
080d8f80 r __PRETTY_FUNCTION__.8753
080e83a9 r __PRETTY_FUNCTION__.8903
080d520e r __PRETTY_FUNCTION__.8929
080e8a91 r __PRETTY_FUNCTION__.8944
080d8f40 r __PRETTY_FUNCTION__.8983
080e9c66 r __PRETTY_FUNCTION__.8983
080e837d r __PRETTY_FUNCTION__.9027
080e9c7c r __PRETTY_FUNCTION__.9064
080e9c6b r __PRETTY_FUNCTION__.9127
080e8a6f r __PRETTY_FUNCTION__.9145
080e9a18 r __PRETTY_FUNCTION__.9163
080d8cce r __PRETTY_FUNCTION__.9223
080d8f00 r __PRETTY_FUNCTION__.9343
080e9a0f r __PRETTY_FUNCTION__.9408
080e9c61 r __PRETTY_FUNCTION__.9597
080d8cb4 r __PRETTY_FUNCTION__.9632
080d8ee0 r __PRETTY_FUNCTION__.9774
080e835b r __PRETTY_FUNCTION__.9860
080d50c6 r __PRETTY_FUNCTION__.9986
08090120 T ____longjmp_chk
08073830 T ____strtod_l_internal
080be2c0 T ____strtof_l_internal
0809b630 T ____strtol_l_internal
080c01a0 T ____strtold_l_internal
080bd6c0 T ____strtoll_l_internal
08072e70 T ____strtoul_l_internal
0809bad0 T ____strtoull_l_internal
08075e80 T ___asprintf
080f408c V ___brk_addr
0808fe70 T ___fprintf_chk
0808daa0 T ___fxstat64
0808dae0 T ___lxstat64
080a1bb0 T ___printf_fp
0808fd80 T ___sprintf_chk
0808ff90 T ___vfprintf_chk
080ab7d0 T ___vfscanf
0808fdc0 T ___vsprintf_chk
0808da60 T ___xstat64
080f3044 B __abort_msg
080b4870 T __access
08067de0 T __acos
0809b110 T __add_to_environ
080f3448 V __after_morecore_hook
080b42f0 T __alloc_dir
08086c40 T __argz_add_sep
08086ad0 T __argz_count
08086b10 T __argz_create_sep
08086bf0 T __argz_stringify
08067e50 T __asin
08075e80 T __asprintf
0806d760 T __assert_fail
08067bb0 T __atan
08067ec0 T __atan2
080b49c0 t __atomic_writev_replacement
080901f0 T __backtrace
08090340 T __backtrace_symbols_fd
080b4980 T __brk
08071920 T __bsd_signal
080f27c0 A __bss_start
080b2ec0 T __btowc
080830b0 T __calloc
08067bc0 T __ceil
08083880 T __cfree
080900b0 T __chk_fail
0809afa0 T __clearenv
0808dba0 W __close
0808dbaa T __close_nocancel
080b4470 T __closedir
0808f960 W __connect
0808f960 T __connect_internal
08075c40 T __correctly_grouped_prefixmb
08067bf0 T __cos
08067f90 T __cosh
0806d900 T __ctype_b_loc
0806d880 T __ctype_tolower_loc
0806d8c0 T __ctype_toupper_loc
080f408c B __curbrk
08099730 T __current_locale_name
080727f0 T __cxa_atexit
080f2000 D __data_start
080f3940 B __daylight
0806d940 T __dcgettext
0806e600 T __dcigettext
08085010 T __default_morecore
080cc890 T __deregister_frame
080cc880 T __deregister_frame_info
080cc780 T __deregister_frame_info_bases
08087f90 T __difftime
080cd1b0 T __dl_iterate_phdr
080c2990 T __dladdr
080c29b0 T __dladdr1
080c5a00 T __dlclose
080c27a0 T __dlerror
080c2a20 T __dlinfo
080c2b50 T __dlmopen
080c5900 T __dlopen
080c5a30 T __dlsym
080c5ab0 T __dlvsym
080cd3e0 t __do_global_ctors_aux
080481a0 t __do_global_dtors_aux
080a5910 T __dprintf
080f2004 D __dso_handle
0808dd90 T __dup
080ea8f8 r __elf_set___libc_atexit_element__IO_cleanup__
080ea8cc r __elf_set___libc_subfreeres_element_buffer_free__
080ea8c8 r __elf_set___libc_subfreeres_element_free_mem__
080ea8d0 r __elf_set___libc_subfreeres_element_free_mem__
080ea8d4 r __elf_set___libc_subfreeres_element_free_mem__
080ea8d8 r __elf_set___libc_subfreeres_element_free_mem__
080ea8dc r __elf_set___libc_subfreeres_element_free_mem__
080ea8e0 r __elf_set___libc_subfreeres_element_free_mem__
080ea8e4 r __elf_set___libc_subfreeres_element_free_mem__
080ea8e8 r __elf_set___libc_subfreeres_element_free_mem__
080ea8ec r __elf_set___libc_subfreeres_element_free_mem__
080ea8f0 r __elf_set___libc_subfreeres_element_free_mem__
080ea8f4 r __elf_set___libc_subfreeres_element_free_mem__
080f39e4 B __environ
0806b840 T __errno_location
0808cf60 T __execve
080f209c D __exit_funcs
0808da40 T __exit_thread
08068010 T __exp
0806b030 T __expm1
080783c0 T __fcloseall
0808dcf0 W __fcntl
0808dcb0 T __fcntl_nocancel
080f1fa8 b __fini_array_end
080f1fa8 b __fini_array_start
08068650 T __finite
08067c40 T __floor
080680b0 T __fmod
08076f60 T __fopen_internal
08076f10 T __fopen_maybe_mmap
080b45c0 W __fork
080f4514 B __fork_generation_pointer
080f4518 B __fork_handlers
080f3aa0 B __fork_lock
080901b0 T __fortify_fail
080a58b0 T __fprintf
0808fe70 T __fprintf_chk
080f2760 D __fpu_control
080caaf0 T __frame_state_for
08083880 T __free
080f3444 V __free_hook
08068760 T __frexp
080d55ab r __func__.10176
080d557e r __func__.10490
080d5613 r __func__.10528
080d562d r __func__.10599
080d5604 r __func__.10746
080d55f4 r __func__.10878
080d55e6 r __func__.10981
080d55c9 r __func__.11077
080d55bb r __func__.11174
080d559f r __func__.11406
080d558b r __func__.11784
080d556b r __func__.11998
080d5620 r __func__.12123
080d55d8 r __func__.12308
080d55b5 r __func__.12433
080d5595 r __func__.9227
080d563b r __func__.9992
080ab850 T __funlockfile
08076750 T __fxprintf
0808daa0 T __fxstat64
080cc8d0 T __gcc_personality_v0
080918a0 T __gconv
08091bc0 T __gconv_alias_compare
080f4500 B __gconv_alias_db
08093670 T __gconv_btwoc_ascii
08091ab0 T __gconv_close
08091d70 T __gconv_close_transform
08091c20 T __gconv_compare_alias
08098d20 T __gconv_compare_alias_cache
080994b0 T __gconv_find_shlib
08092710 T __gconv_find_transform
08091b60 T __gconv_get_alias_db
080935b0 T __gconv_get_builtin_trans
08098c00 T __gconv_get_cache
08091b50 T __gconv_get_modules_db
08092e20 T __gconv_get_path
08099200 T __gconv_load_cache
080f44fc B __gconv_lock
08098e70 T __gconv_lookup_cache
080f4508 B __gconv_max_path_elem_len
080f44f8 B __gconv_modules_db
08091130 T __gconv_open
080f450c B __gconv_path_elem
080f4504 B __gconv_path_envvar
08093160 T __gconv_read_conf
08098c10 T __gconv_release_cache
080993e0 T __gconv_release_shlib
08091cb0 T __gconv_release_step
080962f0 T __gconv_transform_ascii_internal
08095ba0 T __gconv_transform_internal_ascii
08093690 T __gconv_transform_internal_ucs2
08096ac0 T __gconv_transform_internal_ucs2reverse
08097cc0 T __gconv_transform_internal_ucs4
080980d0 T __gconv_transform_internal_ucs4le
08095170 T __gconv_transform_internal_utf8
08093e70 T __gconv_transform_ucs2_internal
080972a0 T __gconv_transform_ucs2reverse_internal
08097830 T __gconv_transform_ucs4_internal
08096630 T __gconv_transform_ucs4le_internal
080943d0 T __gconv_transform_utf8_internal
080985b0 T __gconv_translit_find
08098810 T __gconv_transliterate
08076010 T __gen_tempname
0808f3e0 T __get_avphys_pages
0808da00 T __get_child_max
0808f640 T __get_nprocs
0808f7a0 T __get_nprocs_conf
0808f3f0 T __get_phys_pages
0808f850 T __getclktck
0808ddb0 T __getcwd
080b1cc0 W __getdelim
080c2ce0 T __getdents64
0808e030 T __getdtablesize
080b4860 T __getegid
080b4840 T __geteuid
080b4850 T __getgid
0808e010 T __getpagesize
0808cfa0 T __getpid
0808df40 W __getrlimit
08071790 T __gettext_extract_plural
08070e50 T __gettext_free_exp
080d3dc8 R __gettext_germanic_plural
08070f70 T __gettextparse
080887c0 T __gettimeofday
080887c0 W __gettimeofday_internal
080b4830 T __getuid
         w __gmon_start__
08087fd0 T __gmtime_r
080a17e0 T __guess_grouping
080c21b0 T __handle_registered_modifier_mb
080c22b0 T __handle_registered_modifier_wc
080718a0 T __hash_string
080f451c B __have_o_cloexec
080f4418 B __have_pipe2
080f4414 B __have_sock_cloexec
080cae2d T __i686.get_pc_thunk.bx
080cae29 T __i686.get_pc_thunk.cx
0806aa30 T __ieee754_acos
0806aa50 T __ieee754_asin
0806aa70 T __ieee754_cosh
0806ab80 T __ieee754_exp
0806abc0 T __ieee754_fmod
0806abe0 T __ieee754_log
0806ac20 T __ieee754_log10
0806ac60 T __ieee754_pow
0806aed0 T __ieee754_sinh
080f1fa8 b __init_array_end
080f1fa8 b __init_array_start
0808f870 T __init_misc
08072910 T __initstate
08072cd0 T __initstate_r
080727a0 T __internal_atexit
080b4890 T __isatty
080685e0 T __isinf
080bcd90 T __isinfl
08068620 T __isnan
080bcdf0 T __isnanl
08076650 T __isoc99_fscanf
08068850 T __kernel_standard
080687d0 T __ldexp
0808fa40 T __libc_alloca_cutoff
080f44f0 B __libc_argc
080f44f4 B __libc_argv
080830b0 T __libc_calloc
0806b410 T __libc_check_standard_fds
0808dba0 T __libc_close
0808f960 T __libc_connect
0806b700 T __libc_csu_fini
0806b740 T __libc_csu_init
0806b7e0 T __libc_csu_irel
0808faf0 T __libc_disable_asynccancel
080bca90 T __libc_dlclose
080bcc30 T __libc_dlopen_mode
080bcaa0 T __libc_dlsym
080bcae0 T __libc_dlsym_private
0808fb70 T __libc_enable_asynccancel
080f1fc8 D __libc_enable_secure
080f44ec B __libc_enable_secure_decided
00000010 B __libc_errno
08078720 T __libc_fatal
0808dcf0 T __libc_fcntl
080b45c0 T __libc_fork
08083880 T __libc_free
08091080 T __libc_init_first
08090f20 T __libc_init_secure
080c2d30 T __libc_lseek
0808f8c0 T __libc_lseek64
08080020 T __libc_mallinfo
08083940 T __libc_malloc
080f2578 D __libc_malloc_initialized
0807ff00 T __libc_mallopt
08083d60 T __libc_memalign
080783d0 T __libc_message
080f25d4 D __libc_multiple_libcs
0808db40 T __libc_open
08083480 T __libc_pvalloc
0808dbf0 T __libc_read
080846d0 T __libc_realloc
080bcb20 T __libc_register_dl_open_hook
080c2530 T __libc_register_dlfcn_hook
0808f9c0 T __libc_send
080f2e80 B __libc_setlocale_lock
0806b4b0 T __libc_setup_tls
080719f0 T __libc_sigaction
080f1fc4 D __libc_stack_end
0806b0c0 T __libc_start_main
08075b50 T __libc_system
00000014 B __libc_tsd_CTYPE_B
0000001c B __libc_tsd_CTYPE_TOLOWER
00000018 B __libc_tsd_CTYPE_TOUPPER
00000000 D __libc_tsd_LOCALE
00000020 b __libc_tsd_MALLOC
08083690 T __libc_valloc
0808cef0 W __libc_waitpid
0808dc50 T __libc_write
080b4b30 T __libc_writev
080e7880 R __libio_codecvt
080e78f8 R __libio_translit
0808fbd0 T __linkin_atfork
0808fa90 T __lll_lock_wait_private
0808fac0 T __lll_unlock_wake_private
0808f8c0 T __llseek
0806d5f0 T __localeconv
08088030 T __localtime_r
08068150 T __log
080681f0 T __log10
080bced0 T __longjmp
080900c0 T __longjmp_chk
080c2d30 W __lseek
0808f8c0 T __lseek64
0808dae0 T __lxstat64
08080020 T __mallinfo
08083940 T __malloc
0807f5c0 t __malloc_assert
0807ef30 T __malloc_check_init
08083bd0 T __malloc_get_state
080f256c V __malloc_hook
080f3440 V __malloc_initialize_hook
08080090 T __malloc_set_state
08084010 T __malloc_stats
08080f10 T __malloc_trim
0807f010 T __malloc_usable_size
0807ff00 T __mallopt
0806aa20 W __matherr
080b3040 T __mbrlen
080b3080 T __mbrtowc
080b3860 T __mbsnrtowcs
080b34d0 T __mbsrtowcs
080b3c20 T __mbsrtowcs_l
08083d60 T __memalign
080f2574 V __memalign_hook
08086440 T __memchr
0808fd30 T __memcpy_chk
08086700 T __mempcpy
0808db20 T __mkdir
08088110 T __mktime_internal
0808e9c0 T __mmap
0808ea10 T __mmap64
08068670 T __modf
080d6860 R __mon_yday
080f2568 D __morecore
080998e0 T __mpn_add_n
080bcf10 T __mpn_addmul_1
08099970 T __mpn_cmp
0809a9d0 T __mpn_construct_double
080c5880 T __mpn_construct_float
080c58b0 T __mpn_construct_long_double
080bcf50 T __mpn_divrem
080bd3b0 T __mpn_extract_double
080bd4a0 T __mpn_extract_long_double
0809a400 T __mpn_impn_mul_n
0809a2e0 T __mpn_impn_mul_n_basecase
08099f40 T __mpn_impn_sqr_n
08099e30 T __mpn_impn_sqr_n_basecase
080999d0 T __mpn_lshift
08099a90 T __mpn_mul
08099df0 T __mpn_mul_1
0809a840 T __mpn_mul_n
08099a30 T __mpn_rshift
0809a900 T __mpn_sub_n
0809a990 T __mpn_submul_1
0808ea90 T __mprotect
0808f930 T __mremap
0808ea70 T __munmap
08072650 T __new_exitfn
080f43c0 B __new_exitfn_called
08076830 T __new_fclose
08076a20 T __new_fdopen
08077040 T __new_fopen
0808df40 T __new_getrlimit
         w __nptl_deallocate_tsd
         w __nptl_nthreads
080b4000 T __offtime
0808db40 W __open
0808db4a T __open_nocancel
080b4420 T __opendir
0807cc90 T __overflow
080b0e80 T __parse_one_specmb
080b1530 T __parse_one_specwc
08076470 T __path_search
08083fa0 T __posix_memalign
08068290 T __pow
080f1fa8 b __preinit_array_end
080f1fa8 b __preinit_array_start
080f4548 B __printf_arginfo_table
080a1bb0 T __printf_fp
080a40d0 T __printf_fphex
080f4510 B __printf_function_table
080f4534 B __printf_modifier_table
080f454c B __printf_va_arg_table
080c5b90 T __profil
080c5d20 T __profile_frequency
080f259c D __progname
080f2598 D __progname_full
         w __pthread_cleanup_upto
         w __pthread_getspecific
0806b6e0 W __pthread_initialize_minimal
         w __pthread_key_create
         w __pthread_mutex_lock
         w __pthread_mutex_unlock
         w __pthread_once
         w __pthread_rwlock_destroy
         w __pthread_rwlock_init
         w __pthread_rwlock_rdlock
         w __pthread_rwlock_unlock
         w __pthread_rwlock_wrlock
         w __pthread_setspecific
         w __pthread_unwind
08083480 T __pvalloc
08072840 T __random
08072b40 T __random_r
080868a0 T __rawmemchr
0808dbf0 W __read
0808dbfa T __read_nocancel
080b44c0 T __readdir64
080b4cf0 T __readonly_area
080846d0 T __realloc
080f2570 V __realloc_hook
0808fc00 T __register_atfork
080cbf10 T __register_frame
080caee0 T __register_frame_info
080cae40 T __register_frame_info_bases
080cafb0 T __register_frame_info_table
080caf10 T __register_frame_info_table_bases
080cbed0 T __register_frame_table
080a40a0 T __register_printf_function
080c23b0 T __register_printf_modifier
080a3fe0 T __register_printf_specifier
080a57e0 T __register_printf_type
08048138 r __rel_iplt_end
08048138 r __rel_iplt_start
080719e8 t __restore
080719e0 t __restore_rt
0806b0a0 T __rint
0808df20 T __rmdir
08072520 T __run_exit_handlers
0808df80 T __sbrk
0806b0b0 T __scalbln
0806b0b0 T __scalbn
0808d9e0 T __sched_yield
0809b580 T __secure_getenv
0808f9c0 W __send
0809b480 T __setenv
08099750 T __setfpucw
080c8060 T __setitimer
080728a0 T __setstate
08072a50 T __setstate_r
08071b00 T __sigaction
080bce80 T __sigjmp_save
08099850 T __sigprocmask
080bce40 T __sigsetjmp
08067c70 T __sin
08068500 T __sinh
0808fa20 T __socket
080a58e0 T __sprintf
0808fd80 T __sprintf_chk
08068570 T __sqrt
08072980 T __srandom
08072bf0 T __srandom_r
080ab820 T __sscanf
080901a0 T __stack_chk_fail
080f1fcc D __stack_prot
080ea8f8 A __start___libc_atexit
080ea8fc A __stop___libc_atexit
08086750 T __stpcpy
080867a0 T __strcasecmp
080b2d80 T __strcasecmp_l
08086970 T __strchrnul
08086cf0 T __strcoll_l
08085240 T __strdup
080853a0 T __strerror_r
0808aad0 t __strftime_internal
0808c6e0 T __strftime_l
080867f0 T __strncasecmp_l
08085290 T __strndup
08085560 T __strnlen
080c2c50 T __strsep
080c2c50 T __strsep_g
08073340 T __strtod_internal
08075620 W __strtod_l
080bde20 T __strtof_internal
080bfce0 W __strtof_l
0809b5f0 T __strtol_internal
0809baa0 W __strtol_l
080e5560 R __strtol_ul_max_tab
080e5600 R __strtol_ul_rem_tab
080e94e0 R __strtol_ull_max_tab
080e9600 R __strtol_ull_rem_tab
080bdea0 T __strtold_internal
080c1f80 W __strtold_l
080bd600 T __strtoll_internal
080bddb0 W __strtoll_l
08072e30 T __strtoul_internal
080732d0 W __strtoul_l
080bd680 T __strtoull_internal
0809c140 W __strtoull_l
080e71a0 R __sys_errlist_internal
080e73b0 R __sys_nerr_internal
08091110 T __syscall_error
08091112 T __syscall_error_1
0808d510 T __sysconf
0808d000 t __sysconf_check_spec
0808e940 T __syslog
0808e910 T __syslog_chk
08067cc0 T __tan
08067d10 T __tanh
080b48c0 T __tcgetattr
0808eda0 T __tdelete
0808ed80 T __tdestroy
080d3f20 R __tens
0808ec00 T __tfind
0808cea0 T __times
080f3944 B __timezone
080b4c90 T __towctrans
0808f200 T __tsearch
0808ed00 T __twalk
08088b20 T __tz_compute
080894e0 T __tz_convert
08089740 T __tzfile_compute
0808a8c0 T __tzfile_default
08089d50 T __tzfile_read
080f2580 D __tzname
080f440c B __tzname_cur_max
080896a0 T __tzname_max
08089630 T __tzset
08088c70 T __tzset_parse_tz
08088bd0 T __tzstring
08086440 W __ubp_memchr
080c8090 T __udivdi3
0807d8e0 T __uflow
080c81c0 T __umoddi3
080b45a0 T __uname
0807d9b0 T __underflow
0808df00 T __unlink
0809b010 T __unsetenv
080f4410 B __use_tzfile
08083690 T __valloc
0808ff90 T __vfprintf_chk
080ab7d0 T __vfscanf
080abb60 T __vfwprintf
0808fdc0 T __vsprintf_chk
080b20b0 W __vsscanf
0808e8e0 T __vsyslog
0808e3b0 T __vsyslog_chk
0808cef0 T __waitpid
0808cefa T __waitpid_nocancel
080b32a0 T __wcrtomb
080b3bf0 T __wcschrnul
080b2e60 T __wcslen
08087ea0 T __wcsmbs_clone_conv
080d67c0 R __wcsmbs_gconv_fcts_c
08087bf0 T __wcsmbs_getfct
08087cd0 T __wcsmbs_load_conv
08087c50 T __wcsmbs_named_conv
080b3b60 T __wcsnlen
080b3520 T __wcsrtombs
080b4c10 T __wctrans
08087b80 T __wmemcpy
08087b90 T __wmemmove
08087ba0 T __wmempcpy
08078c60 T __woverflow
0808dc50 W __write
0808dc5a T __write_nocancel
080b4b30 T __writev
08079170 T __wuflow
08078f90 T __wunderflow
0808da60 T __xstat64
080bc040 T _dl_add_to_slotinfo
08090be0 T _dl_addr
08090b70 T _dl_addr_inside_object
080f4488 B _dl_all_dirs
080b9be0 T _dl_allocate_static_tls
080bc5f0 T _dl_allocate_tls
080bc2e0 T _dl_allocate_tls_init
080bc500 T _dl_allocate_tls_storage
080f1fc0 D _dl_argv
080905a0 T _dl_aux_init
080f4448 B _dl_bind_not
080c5d30 t _dl_build_local_scope
080b7e60 T _dl_cache_libcmp
080c2d60 T _dl_call_pltexit
080bb5e0 T _dl_catch_error
080c7b90 T _dl_check_all_versions
080c76e0 T _dl_check_map_versions
080f4468 B _dl_clktck
080c5400 T _dl_close
080c4860 T _dl_close_worker
080f25ac D _dl_correct_cache_id
080bc260 T _dl_deallocate_tls
080f25a8 D _dl_debug_fd
080bb930 T _dl_debug_initialize
080f4430 B _dl_debug_mask
080bbf50 T _dl_debug_printf
080bbf30 T _dl_debug_printf_c
080bb990 T _dl_debug_state
080bba60 t _dl_debug_vdprintf
08090f70 T _dl_discover_osversion
080bbf10 T _dl_dprintf
080b4f90 T _dl_dst_count
080b6fd0 T _dl_dst_substitute
080f446c B _dl_dynamic_weak
080f2774 D _dl_error_catch_tsd
080c70b0 T _dl_fini
080c2f50 T _dl_fixup
080bc660 T _dl_get_origin
080bc020 T _dl_get_tls_static_info
080bb9a0 T _dl_higher_prime_number
080f4008 B _dl_hwcap
08090830 T _dl_important_hwcaps
080f4490 B _dl_inhibit_rpath
080c6d30 T _dl_init
080f4474 B _dl_init_all_dirs
080b6d70 T _dl_init_paths
080f25a4 D _dl_init_static_tls
080f4484 B _dl_initfirst
080bccd0 T _dl_initial_error_catch_tsd
080f4424 B _dl_initial_searchlist
080f4450 B _dl_lazy
080f4438 B _dl_load_adds
080b7fc0 T _dl_load_cache_lookup
080f25bc D _dl_load_lock
080b8e20 T _dl_lookup_symbol_x
080bc890 T _dl_make_stack_executable
080f25b4 D _dl_make_stack_executable_hook
080b7420 T _dl_map_object
080c5da0 T _dl_map_object_deps
080b5ec0 t _dl_map_object_from_fd
080c30e0 T _dl_mcount
080bca10 T _dl_mcount_wrapper
080bc9e0 T _dl_mcount_wrapper_check
080bba00 T _dl_name_match_p
080b97b0 T _dl_new_object
080bc180 T _dl_next_tls_modid
080f4458 B _dl_nns
08090860 T _dl_non_dynamic_init
080bb4e0 T _dl_nothread_init_static_tls
080f44a0 B _dl_ns
080c3b60 T _dl_open
080f2768 d _dl_open_hook
080f4464 B _dl_origin_path
080f448c B _dl_osversion
080e91d2 r _dl_out_of_memory
080f4494 B _dl_pagesize
080f4454 B _dl_phdr
080f447c B _dl_phnum
080f444c B _dl_platform
080f442c B _dl_platformlen
080f4444 B _dl_profile
080c2d70 T _dl_profile_fixup
080f4480 B _dl_profile_map
080f4420 B _dl_profile_output
080b9c20 T _dl_protect_relro
080f445c B _dl_random
080bb580 T _dl_receive_error
080b9b80 T _dl_reloc_bad_type
080b9c90 T _dl_relocate_object
080b7ce0 T _dl_rtld_di_serinfo
         w _dl_rtld_map
080bc920 T _dl_runtime_profile
080bc900 T _dl_runtime_resolve
080bc7e0 T _dl_scope_free
080f4460 B _dl_scope_free_list
080b85e0 T _dl_setup_hash
080bb8a0 T _dl_signal_cerror
080bb6d0 T _dl_signal_error
080c6e40 T _dl_sort_fini
080f25b0 D _dl_stack_flags
08091070 T _dl_start
080c3310 T _dl_start_profile
         w _dl_starting_up
080c7f40 T _dl_sym
080bbf70 T _dl_sysdep_read_whole_file
080f25b8 D _dl_sysinfo
080f4470 B _dl_sysinfo_dso
08090590 t _dl_sysinfo_int80
080f42f4 B _dl_tls_dtv_gaps
080f42f0 B _dl_tls_dtv_slotinfo_list
080f42f8 B _dl_tls_generation
080bc110 T _dl_tls_get_addr_soft
080f42ec B _dl_tls_max_dtv_idx
0806b450 T _dl_tls_setup
080f42e8 B _dl_tls_static_align
080f42fc B _dl_tls_static_nelem
080f2010 D _dl_tls_static_size
080f42e4 B _dl_tls_static_used
080bcd10 T _dl_tlsdesc_resolve_abs_plus_addend
080c5680 T _dl_tlsdesc_resolve_abs_plus_addend_fixup
080bcd70 T _dl_tlsdesc_resolve_hold
080c54d0 T _dl_tlsdesc_resolve_hold_fixup
080bcd30 T _dl_tlsdesc_resolve_rel
080c5520 T _dl_tlsdesc_resolve_rel_fixup
080bcd50 T _dl_tlsdesc_resolve_rela
080c5720 T _dl_tlsdesc_resolve_rela_fixup
080bccf0 T _dl_tlsdesc_return
080bcd00 T _dl_tlsdesc_undefweak
080b9ad0 T _dl_try_allocate_static_tls
080b7f80 T _dl_unload_cache
080c54a0 T _dl_unmap
080f25a0 D _dl_use_load_bias
080f4478 B _dl_verbose
080c7f60 T _dl_vsym
080f4440 B _dl_wait_lookup_done
080d8100 R _dl_x86_cap_flags
080d8200 R _dl_x86_platforms
080c2680 T _dlerror_run
080f2780 d _dlfcn_hooks
080f27c0 A _edata
080f4550 A _end
080f39e4 V _environ
0808cf4c T _exit
080cdf68 T _fini
0809c480 T _fitoa
0809c420 T _fitoa_word
0807db10 W _flushlbf
080cdfa0 R _fp_hw
080d4d00 R _fpioconst_pow10
0809c880 t _i18n_number_rewrite
080a19a0 t _i18n_number_rewrite
080aba30 t _i18n_number_rewrite
08048138 T _init
08080580 t _int_free
08081590 t _int_malloc
080827b0 t _int_memalign
080841c0 t _int_realloc
0809c220 T _itoa
080e5640 R _itoa_base_table
080e5800 R _itoa_lower_digits
080e5840 R _itoa_upper_digits
0809c170 T _itoa_word
080c1fb0 T _itowa
080e96c0 R _itowa_lower_digits
080e9760 R _itowa_upper_digits
080e5540 R _libc_intl_domainname
080997b0 T _longjmp_unwind
080d2240 R _nl_C
080d3000 R _nl_C_LC_ADDRESS
080d3300 R _nl_C_LC_COLLATE
080dac00 R _nl_C_LC_CTYPE
080d9240 R _nl_C_LC_CTYPE_class
080d9540 R _nl_C_LC_CTYPE_class32
080da960 R _nl_C_LC_CTYPE_class_alnum
080da600 R _nl_C_LC_CTYPE_class_alpha
080da840 R _nl_C_LC_CTYPE_class_blank
080da8a0 R _nl_C_LC_CTYPE_class_cntrl
080da660 R _nl_C_LC_CTYPE_class_digit
080da7e0 R _nl_C_LC_CTYPE_class_graph
080da5a0 R _nl_C_LC_CTYPE_class_lower
080da780 R _nl_C_LC_CTYPE_class_print
080da900 R _nl_C_LC_CTYPE_class_punct
080da720 R _nl_C_LC_CTYPE_class_space
080da540 R _nl_C_LC_CTYPE_class_upper
080da6c0 R _nl_C_LC_CTYPE_class_xdigit
080daa80 R _nl_C_LC_CTYPE_map_tolower
080da9c0 R _nl_C_LC_CTYPE_map_toupper
080d9f40 R _nl_C_LC_CTYPE_tolower
080d9940 R _nl_C_LC_CTYPE_toupper
080dab40 R _nl_C_LC_CTYPE_width
080d3280 R _nl_C_LC_IDENTIFICATION
080d30c0 R _nl_C_LC_MEASUREMENT
080d2de0 R _nl_C_LC_MESSAGES
080d2e20 R _nl_C_LC_MONETARY
080d2f80 R _nl_C_LC_NAME
080d2f00 R _nl_C_LC_NUMERIC
080d2f40 R _nl_C_LC_PAPER
080d3080 R _nl_C_LC_TELEPHONE
080e5360 R _nl_C_LC_TIME
080d2d49 R _nl_C_codeset
080d2d60 R _nl_C_locobj
080d68df R _nl_C_name
080d2d43 R _nl_POSIX_name
080cd6c0 T _nl_archive_subfreeres
080d9209 R _nl_category_name_idxs
080d9216 R _nl_category_name_sizes
080d9180 R _nl_category_names
080d2700 r _nl_category_num_items
080d21a0 r _nl_category_postload
08087bb0 T _nl_cleanup_ctype
0808ce50 T _nl_cleanup_time
         w _nl_current_LC_ADDRESS
         w _nl_current_LC_ADDRESS_used
         w _nl_current_LC_COLLATE
         w _nl_current_LC_COLLATE_used
0000000c D _nl_current_LC_CTYPE
00000001 A _nl_current_LC_CTYPE_used
         w _nl_current_LC_IDENTIFICATION
         w _nl_current_LC_IDENTIFICATION_used
         w _nl_current_LC_MEASUREMENT
         w _nl_current_LC_MEASUREMENT_used
         w _nl_current_LC_MESSAGES
         w _nl_current_LC_MESSAGES_used
00000004 D _nl_current_LC_MONETARY
00000001 A _nl_current_LC_MONETARY_used
         w _nl_current_LC_NAME
         w _nl_current_LC_NAME_used
00000008 D _nl_current_LC_NUMERIC
00000001 A _nl_current_LC_NUMERIC_used
         w _nl_current_LC_PAPER
         w _nl_current_LC_PAPER_used
         w _nl_current_LC_TELEPHONE
         w _nl_current_LC_TELEPHONE_used
         w _nl_current_LC_TIME
         w _nl_current_LC_TIME_used
080f2094 D _nl_current_default_domain
080d2160 r _nl_current_used
080d3925 R _nl_default_default_domain
080d392e R _nl_default_dirname
080d220b R _nl_default_locale_path
080f4334 B _nl_domain_bindings
08070450 T _nl_expand_alias
08070c40 T _nl_explode_name
0806ed10 T _nl_find_domain
0806c100 T _nl_find_locale
0806db90 T _nl_find_msg
080cd870 T _nl_finddomain_subfreeres
0808c8c0 T _nl_get_alt_digit
0808cd10 T _nl_get_era_entry
0808c950 T _nl_get_walt_digit
080f2020 D _nl_global_locale
0808c710 t _nl_init_alt_digit
0808ca80 t _nl_init_era_entries
0806c5a0 T _nl_intern_locale_data
0806ef80 T _nl_load_domain
0806c940 T _nl_load_locale
0806cbd0 T _nl_load_locale_from_archive
080f3020 b _nl_loaded_domains
080f4300 B _nl_locale_file_list
080cd4b0 T _nl_locale_subfreeres
08070750 T _nl_make_l10nflist
080f4338 B _nl_msg_cat_cntr
080705a0 T _nl_normalize_codeset
0808c7c0 T _nl_parse_alt_digit
080996a0 T _nl_postload_ctype
0806c0b0 T _nl_remove_locale
0808ccc0 T _nl_select_era_entry
080f2f80 B _nl_state_lock
080cd8c0 T _nl_unload_domain
0806c530 T _nl_unload_locale
080d2be0 r _nl_value_type_LC_ADDRESS
080d2a80 r _nl_value_type_LC_COLLATE
080d2780 r _nl_value_type_LC_CTYPE
080d2c40 r _nl_value_type_LC_IDENTIFICATION
080d2c28 r _nl_value_type_LC_MEASUREMENT
080d2b98 r _nl_value_type_LC_MESSAGES
080d2ae0 r _nl_value_type_LC_MONETARY
080d2bb8 r _nl_value_type_LC_NAME
080d289c r _nl_value_type_LC_NUMERIC
080d2bac r _nl_value_type_LC_PAPER
080d2c14 r _nl_value_type_LC_TELEPHONE
080d28c0 r _nl_value_type_LC_TIME
080d2740 r _nl_value_types
         w _pthread_cleanup_pop_restore
         w _pthread_cleanup_push_defer
0809aa40 T _quicksort
080f4520 B _r_debug
080718e0 T _setjmp
080f4340 B _sigintr
08048170 T _start
080e71a0 V _sys_errlist
080e71a0 R _sys_errlist_internal
080e73b0 V _sys_nerr
080e73b0 R _sys_nerr_internal
080d3ee0 R _tens_in_limb
080f43e0 B _tmbuf
08071b40 T abort
080b4870 W access
08067de0 W acos
08092d70 t add_alias2
080cb5e0 t add_fdes
08092a50 t add_module
080b5360 t add_name_to_object
080c3eb0 t add_to_global
080666a0 t addfield
0805b1f0 t addk
080652d0 t addlenmod
080f27b8 d adds.9350
080511a0 t adjust_assign
08070560 t alias_compare
080f392c b aligned_heap_area
0805f0d0 t andaux
080d2d24 r archfname
080f2ec0 b archive_stat
080f2f20 b archloaded
080f2ea0 b archmapped
08081370 t arena_get2
080f38fc b arena_mem
08086c40 W argz_add_sep
08086ad0 W argz_count
08086b10 W argz_create_sep
08086bf0 W argz_stringify
08067e50 W asin
08075e80 W asprintf
08052370 t assignment
08067bb0 W atan
08067ec0 W atan2
080f390c b atfork_mem
080f3928 b atfork_recursive_cntr
08060d90 t aux_close
08061820 t aux_lines
080499e0 t aux_upvalue
0805f2d0 t auxresume
08065e60 t auxsort
0805f910 t auxupvalue
0805f150 t b_and
0805eea0 t b_arshift
0805f070 t b_extract
0805ee30 t b_lrot
0805ed60 t b_lshift
0805ee60 t b_not
0805f1e0 t b_or
0805efe0 t b_replace
0805edb0 t b_rot
0805ee00 t b_rrot
0805ed10 t b_rshift
0805ecd0 t b_shift
0805f120 t b_test
0805f180 t b_xor
080901f0 W backtrace
080902c0 t backtrace_helper
08090340 W backtrace_symbols_fd
080cb960 t base_from_cb_data
080cb1d0 t base_from_object
080d0420 r base_funcs
080865e0 W bcmp
080d0600 r bitlib
080e783c r blanks
080e79e0 r blanks
080531a0 t block
08051440 t body
080b4980 W brk
08071920 W bsd_signal
08071d90 T bsearch
080b2ec0 W btowc
080f4540 b buf
080f4010 b buf.8110
080cd9b0 t buffer_free
0809c590 t buffered_vfprintf
080b0c70 t buffered_vfprintf
080d86a0 r builtin_aliases
080f25e0 d builtin_modules
080f4094 b cache
080f403c b cache_malloced
080f4098 b cache_new
080b7280 t cache_rpath
080f4038 b cache_size
080f409c b cachesize
08055c30 t callTM
08055d00 t call_binTM
080c7be0 t call_dl_lookup
080c6c10 t call_init
08055d80 t call_orderTM
080830b0 W calloc
08075650 t cancel_handler
0808e060 t cancel_handler
080cd3c0 t cancel_handler
080f1fd8 d capstr
080d0f5c r cat.4342
080d0f40 r catnames.4343
08067bc0 W ceil
08083880 W cfree
080f257c d check_action
080c2560 t check_free
08051110 t check_match
080b86a0 t check_match.8236
0805ca80 t check_next
0806b330 t check_one_fd
08050560 t checklimit
08066890 t checkload
0804c7f0 t checkmode
08050f40 t checkname
08050ef0 t checknext
0805ff70 t checkupval
08063850 t classend
080cb4a0 t classify_object_over_fdes
0809afa0 W clearenv
08077c50 T clearerr
0804e0e0 t clearvalues
08087f10 T clock
0808dba0 W close
08051250 t close_func
08053840 t close_state
080b4470 W closedir
08050a20 t closegoto
0808e0a0 T closelog
080d0700 r co_funcs
0805bc70 t codearith
0805c170 t codecomp
080d2280 r codeset_idx.7537
080d3380 r collseqmb
080d3480 r collseqwc
080f27c0 b completed.6541
08088820 t compute_change
080887e0 t compute_offset
080525a0 t cond
0805aec0 t condjump
0808f960 W connect
080f3a00 b connected
08051d80 t constructor
0804ee90 t convergeephemerons
08067bf0 W cos
08067f90 W cosh
08054aa0 t countint
08061540 t createstdfile
08053f60 t createstrobj
080859e0 t critical_factorization
080d690d r curwd.8700
080f40cc b data
00000024 b data.6623
080f2000 W data_start
080f3940 V daylight
08060890 t db_debug
08060700 t db_gethook
08060390 t db_getinfo
080601a0 t db_getlocal
08060150 t db_getmetatable
0805f7d0 t db_getregistry
0805f9f0 t db_getupvalue
08060830 t db_getuservalue
0805fbd0 t db_sethook
0805fa80 t db_setlocal
0805fa10 t db_setmetatable
0805f9c0 t db_setupvalue
0805fec0 t db_setuservalue
0805f850 t db_traceback
08060030 t db_upvalueid
08060080 t db_upvaluejoin
080d0920 r dblib
0806d940 W dcgettext
080f3404 b dealloc_buffers
0807ac40 t decide_maybe_mmap
080d6945 r default_tzdir.5354
08091b70 t derivation_compare
08087f90 T difftime
08076430 t direxists
080f3934 b disallow_malloc_check
0805b5f0 t discharge2anyreg
0805b4c0 t discharge2reg
080f40f8 b dl_close_state.9113
080cd330 T dl_iterate_phdr
080c4070 t dl_open_worker
080c5a20 t dlclose_doit
080bca30 t dlerror_run
080c2a60 t dlinfo_doit
080c2bb0 t dlmopen_doit
080c5950 t dlopen_doit
080c5a90 t dlsym_doit
080c5b20 t dlvsym_doit
080b2170 t do_always_noconv
080bcb50 t do_dlclose
080bcc80 t do_dlopen
080bcb60 t do_dlsym
080bcbc0 t do_dlsym_private
080b2140 t do_encoding
080b2190 t do_in
080b23a0 t do_length
08091be0 t do_lookup_alias
080b8830 t do_lookup_x
080b2180 t do_max_length
080b22f0 t do_out
080cdd20 t do_release_all
08099410 t do_release_shlib
080c7c40 t do_sym
08075720 t do_system
080b2240 t do_unshift
080484a0 t docall
0805dad0 t dofilecont
08048680 t dostring
0804e780 t dothecall
080488a0 t dotty
080a5910 T dprintf
080f27c4 b dtor_idx.6543
080d1fd0 r dummy_bucket.9887
080cf27c r dummynode_
0808dd90 W dup
080f41c0 b dwarf_reg_size_table
080d8680 r empty_path_elem
0807e750 t enlarge_userbuf
080b8520 t enter.8284
0804e4a0 t entersweep
080f1fd0 d env_path_list
080f39e4 V environ
080f4048 b envlock
08058cf0 t errfile
00000010 B errno
080554c0 t error
08050eb0 t error_expected
080d389c r errstr.7193
080e9140 r errstring.9277
0805ca20 t escerror
080c85e0 t execute_cfa_program
080c8f90 t execute_stack_op
0808cf60 W execve
08072620 T exit
08068010 W exp
080525f0 t exp1
0805b850 t exp2reg
080b7140 t expand_dynamic_string_token
080e8900 r expected.9530
080e8909 r expected2.9529
080e88f0 r expected_note.9536
08052010 t explist
0806b030 W expm1
0804a400 t f_call
08061b70 t f_flush
08060e20 t f_gc
080619c0 t f_lines
08053c20 t f_luaopen
0804c860 t f_parser
080613f0 t f_read
08061dc0 t f_seek
08061d20 t f_setvbuf
08061ca0 t f_tostring
08061500 t f_write
08076830 W fclose
080783c0 W fcloseall
0808dcf0 W fcntl
080cb780 t fde_mixed_encoding_compare
080cb700 t fde_single_encoding_compare
080cafe0 t fde_unencoded_compare
08076a20 W fdopen
08077cf0 W feof
08077da0 W ferror
08076c80 W fflush
08078170 W fgetc
08076d80 W fgets
08078750 T fgets_unlocked
0805ef20 t fieldargs
08050f90 t fieldsel
080b2650 T fileno
080b2650 W fileno_unlocked
080b5090 t fillin_rpath
08091df0 t find_derivation
08098d90 t find_module
08098c30 t find_module_idx
08059c10 t findfield
08050b30 t findgotos
08050b90 t findlabel
08066920 t findloader
0804b610 t findlocal
080c25e0 t fini
0805daf0 t finishpcall
08068650 W finite
0805a940 t fixjump
080d0ba0 r flib
08067c40 W floor
0807cb00 t flush_cleanup
080680b0 W fmod
08077040 W fopen
08077c20 W fopen64
080531f0 t forbody
080b45c0 W fork
080f3ac0 b fork_handler_pool
080a58b0 T fprintf
08077070 W fputs
080b2af0 T fputs_unlocked
080cb000 t frame_downheap
08048210 t frame_dummy
080f4220 b frame_hdr_cache
080f42e0 b frame_hdr_cache_head
080cb0c0 t frame_heapsort
080771a0 W fread
080b2a90 T fread_unlocked
08083880 T free
08080db0 t free_atfork
080cd410 t free_category
08080e50 t free_check
080cdba0 t free_derivation
080c2600 t free_key_mem
080cd7c0 t free_mem
080cda00 t free_mem
080cda50 t free_mem
080cdb40 t free_mem
080cdc90 t free_mem
080cdcb0 t free_mem
080cdcf0 t free_mem
080cdd50 t free_mem
080cdd80 t free_mem
080cde20 t free_mem
080cdee0 t free_mem
080cdaf0 t free_modules_db
080cde70 t free_slotinfo
080f2fa4 b freemem.8411
080f2fa0 b freemem_size.8412
080f3408 b freeres_list
080537f0 t freestack
08077e50 T freopen
08068760 W frexp
080f40e8 b fromidx
080f40e4 b fromlimit
080f40e0 b froms
08078070 T fseek
080772d0 W ftell
080b28d0 T ftello
08052080 t funcargs
080ab850 W funlockfile
08077490 W fwrite
08061630 t g_iofile
08061140 t g_read
08060a90 t g_write
080f4034 b gconv_cache
080d8659 r gconv_module_ext
08067520 t gctm
0805e7c0 t generic_reader
08058fc0 t getF
08058470 t getS
0808f3e0 W get_avphys_pages
080cb3c0 t get_cie_encoding
0808f640 W get_nprocs
0808f7a0 W get_nprocs_conf
0808f3f0 W get_phys_pages
08078170 W getc
0808ddb0 W getcwd
080b1cc0 W getdelim
0808e030 W getdtablesize
080b4860 W getegid
08072440 T getenv
080b4840 W geteuid
08062c80 t getfield
080b4850 W getgid
08060a20 t getiofile
0804b7d0 t getobjname
0808e010 W getpagesize
0808cfa0 W getpid
0808df40 W getrlimit
0805f7f0 t getthread
080887c0 W gettimeofday
080b4830 W getuid
080f27e0 b globalL
080f38f0 b global_max_fast
08065030 t gmatch
080650b0 t gmatch_aux
08087fa0 T gmtime
08087fd0 W gmtime_r
08051090 t gotostat
0809c750 t group_number
080ab950 t group_number
0804b2f0 t growstack
080997d0 W gsignal
080a1830 t hack_digit.12123
0808d170 t handle_amd
0808d0f0 t handle_i486
0808d430 t handle_intel
080f2ea4 b headmap
0805fdf0 t hookf
080d09a8 r hooknames.4149
0805c970 t inclinenumber
08085030 W index
080492a0 t index2addr
080d2010 r inf_zero
080d2010 r infinity
080c2640 t init
080c8520 t init_dwarf_reg_size_table
080f3080 b initial
08072910 W initstate
08072cd0 W initstate_r
080d9040 r inmask.10047
08092960 t insert_module
080d7c00 r intel_02_known
0808cfe0 t intel_02_known_compare
0808d2b0 t intel_check_word
080f405c b internal
080d83f0 r internal_trans_names.6383
080f32a0 b intr
08060dd0 t io_close
08060ec0 t io_fclose
08061b30 t io_flush
08061700 t io_input
080618f0 t io_lines
08060e60 t io_noclose
08061720 t io_open
080616e0 t io_output
080614c0 t io_pclose
08061420 t io_popen
080613c0 t io_read
080619f0 t io_readline
08060cc0 t io_tmpfile
08060be0 t io_type
08060bb0 t io_write
080d0b40 r iolib
0805e090 t ipairsaux
080b4ea0 t is_dst
080f3948 b is_initialized.7363
080b4890 W isatty
0804ddc0 t iscleared
080685e0 W isinf
080bcd90 W isinfl
08068620 W isnan
080bcdf0 W isnanl
080e5d00 r jump_table.10577
080e64e0 r jump_table.10606
0805b640 t jumponcond
080f40c4 b key
08099680 t known_compare
080f401c b known_derivations
080f404c b known_values
080d2070 r l2e
08058530 t l_alloc
08048250 t l_message
08055ee0 t l_strcmp
08048560 t laction
080f4050 b last_environ
080f40ac b last_result
080687d0 W ldexp
080f39dc b leaps
08050c70 t leaveblock
080d4e60 r letters
0805c870 t lexerror
080d1ff8 r limit
080d2008 r limit
080d2038 r limit
080cb810 t linear_search_fdes
080f33f0 b list_all_lock
080f38f8 b list_lock
08051d40 t listfield
080d17e0 r ll_funcs
080672f0 t ll_loadfunc
080673c0 t ll_loadlib
08066c70 t ll_module
08066ae0 t ll_require
08067210 t ll_searchpath
08066f00 t ll_seeall
0805ce10 t llex
0808f8c0 W llseek
0805e490 t load_aux
080f4040 b loaded
080cf940 r loadedlibs
08067460 t loadfunc
080b5040 t local_strdup
080f2098 d locale_alias_path.7402
0806d5f0 W localeconv
08088000 T localtime
080f3938 b localtime_offset
08088030 W localtime_r
080f3030 b lock
080f304c b lock
080f3060 b lock
080f3288 b lock
080f33d0 b lock
080f4030 b lock
080f4054 b lock
080f4058 b lock
080f40a4 b lock
080f4028 b lock.10299
080f3024 b lock.8358
080f3000 b lock.8363
080f2fa8 b lock.8399
08068150 W log
080681f0 W log10
080ceac0 r log_2.5309
080f40f4 b log_hashfraction
080d7fed r longjmp_msg
080b55c0 t lose
080f40ec b lowpc
080c2d30 W lseek
0808f8c0 W lseek64
080485a0 t lstop
0805ec10 t luaB_assert
0805f400 t luaB_auxwrap
0805f6d0 t luaB_cocreate
0805eb20 t luaB_collectgarbage
0805f610 t luaB_coresume
0805f5e0 t luaB_corunning
0805f4b0 t luaB_costatus
0805f740 t luaB_cowrap
0805ea80 t luaB_dofile
0805e9f0 t luaB_error
0805e980 t luaB_getmetatable
0805e5e0 t luaB_ipairs
0805e660 t luaB_load
0805e8b0 t luaB_loadfile
0805e600 t luaB_next
0805e5c0 t luaB_pairs
0805e410 t luaB_pcall
0805e2b0 t luaB_print
0805e250 t luaB_rawequal
0805e180 t luaB_rawget
0805e1e0 t luaB_rawlen
0805e110 t luaB_rawset
0805dfd0 t luaB_select
0805df00 t luaB_setmetatable
0805dd00 t luaB_tonumber
0805dcc0 t luaB_tostring
0805dc70 t luaB_type
0805db80 t luaB_xpcall
0805f290 t luaB_yield
0804de90 T luaC_barrier_
0804dc50 T luaC_barrierback_
0804ded0 T luaC_barrierproto_
0804f680 T luaC_changemode
0804e7b0 T luaC_checkfinalizer
0804de20 T luaC_checkupvalcolor
0804f6f0 T luaC_forcestep
0804e6a0 T luaC_freeallobjects
0804f540 T luaC_fullgc
0804e1c0 T luaC_newobj
0804f500 T luaC_runtilstate
0804f8b0 T luaC_step
0804d1f0 T luaD_call
0804ca10 T luaD_growstack
0804caa0 T luaD_hook
0804c470 T luaD_pcall
0804cb90 T luaD_poscall
0804cd20 T luaD_precall
0804c510 T luaD_protectedparser
0804c3f0 T luaD_rawrunprotected
0804c260 T luaD_reallocstack
0804c370 T luaD_shrinkstack
0804c760 T luaD_throw
08053950 T luaE_extendCI
080537a0 T luaE_freeCI
08053900 T luaE_freethread
080536f0 T luaE_setdebt
0804dbb0 T luaF_close
0804da00 T luaF_findupval
0804d800 T luaF_freeproto
0804d900 T luaF_freeupval
0804d790 T luaF_getlocalname
0804db60 T luaF_newCclosure
0804daf0 T luaF_newLclosure
0804d950 T luaF_newproto
0804dab0 T luaF_newupval
0804bc60 T luaG_aritherror
0804bcb0 T luaG_concaterror
0804b3f0 T luaG_errormsg
0804b560 T luaG_ordererror
0804b4a0 T luaG_runerror
0804bb20 T luaG_typeerror
08054b20 T luaH_free
080546f0 T luaH_get
08054310 T luaH_getint
08054450 T luaH_getn
080543f0 T luaH_getstr
08054c70 T luaH_new
08054eb0 T luaH_newkey
08054860 T luaH_next
08054ce0 T luaH_resize
08055300 T luaH_resizearray
080552a0 T luaH_set
08055230 T luaH_setint
0805ab70 T luaK_checkstack
0805aca0 t luaK_code
0805ae90 T luaK_codeABC
0805ad90 T luaK_codeABx
0805ae10 T luaK_codek
0805aab0 T luaK_concat
0805af00 T luaK_dischargevars
0805bb80 T luaK_exp2RK
0805bab0 T luaK_exp2anyreg
0805bb50 T luaK_exp2anyregup
0805ba40 T luaK_exp2nextreg
0805bb20 T luaK_exp2val
0805a920 T luaK_fixline
0805a840 T luaK_getlabel
0805b6f0 T luaK_goiffalse
0805b770 T luaK_goiftrue
0805c470 T luaK_indexed
0805c3f0 T luaK_infix
0805adb0 T luaK_jump
0805b040 T luaK_nil
0805b410 T luaK_numberK
0805a850 T luaK_patchclose
0805ab40 T luaK_patchlist
0805ab10 T luaK_patchtohere
0805c240 T luaK_posfix
0805be40 T luaK_prefix
0805abb0 T luaK_reserveregs
0805b000 T luaK_ret
0805c4b0 T luaK_self
0805b140 T luaK_setlist
0805a8c0 T luaK_setoneret
0805abe0 T luaK_setreturns
0805c580 T luaK_storevar
0805b3e0 T luaK_stringK
08059820 T luaL_addlstring
080598e0 T luaL_addstring
08059860 T luaL_addvalue
08059de0 T luaL_argerror
08058440 T luaL_buffinit
080597e0 T luaL_buffinitsize
08058a00 T luaL_callmeta
0805a320 T luaL_checkany
0805a070 T luaL_checkinteger
0805a1b0 T luaL_checklstring
0805a110 T luaL_checknumber
0805a370 T luaL_checkoption
08059a30 T luaL_checkstack
0805a280 T luaL_checktype
0805a2d0 T luaL_checkudata
08059fd0 T luaL_checkunsigned
080594d0 T luaL_checkversion_
08059470 T luaL_error
08059340 T luaL_execresult
08059290 T luaL_fileresult
08058810 t luaL_findtable
08058970 T luaL_getmetafield
08058560 T luaL_getsubtable
08059910 T luaL_gsub
080596b0 T luaL_len
08058bb0 T luaL_loadbufferx
08058d70 T luaL_loadfilex
08058bf0 T luaL_loadstring
08058700 T luaL_newmetatable
08058490 T luaL_newstate
08059b70 T luaL_openlib
0805a7c0 T luaL_openlibs
0805a0c0 T luaL_optinteger
0805a200 T luaL_optlstring
0805a160 T luaL_optnumber
0805a020 T luaL_optunsigned
08059720 T luaL_prepbuffsize
080595c0 T luaL_pushmodule
080587a0 T luaL_pushresult
080587f0 T luaL_pushresultsize
080590c0 T luaL_ref
08058610 T luaL_requiref
08059aa0 T luaL_setfuncs
08059250 T luaL_setmetatable
080591b0 T luaL_testudata
08058a80 T luaL_tolstring
0805a450 T luaL_traceback
08059030 T luaL_unref
080593d0 T luaL_where
0804f9b0 T luaM_growaux_
0804f8e0 T luaM_realloc_
0804f990 T luaM_toobig
080502d0 T luaO_arith
0804fac0 T luaO_ceillog2
0804fb20 T luaO_chunkid
0804faa0 T luaO_fb2int
0804fb00 T luaO_hexavalue
0804fa60 T luaO_int2fb
080cea9c R luaO_nilobject_
0804ff40 T luaO_pushfstring
0804fcd0 T luaO_pushvfstring
0804ff70 T luaO_str2d
080ced80 R luaP_opmodes
080cecc0 R luaP_opnames
08053eb0 T luaS_eqlngstr
08053f10 T luaS_eqstr
08053df0 T luaS_hash
080542e0 T luaS_new
08054130 T luaS_newlstr
08053e50 T luaS_newudata
08053fd0 T luaS_resize
080cf3c0 r luaT_eventname.2668
080553e0 T luaT_gettm
08055340 T luaT_gettmbyobj
08055420 T luaT_init
080cf380 R luaT_typenames_
0804d700 T luaU_dump
08055470 T luaU_header
08055a80 T luaU_undump
08056980 T luaV_arith
080564b0 T luaV_concat
08056b30 T luaV_equalobj_
08056c30 T luaV_execute
08056770 T luaV_finishOp
080560e0 T luaV_gettable
08055f60 T luaV_lessequal
08056030 T luaV_lessthan
08055de0 T luaV_objlen
08056230 T luaV_settable
08056920 T luaV_tonumber
080563f0 T luaV_tostring
0805cb90 T luaX_init
0805d9b0 T luaX_lookahead
0805cbd0 T luaX_newstring
0805d9d0 T luaX_next
0805cb00 T luaX_setinput
0805c950 T luaX_syntaxerror
0805c6c0 T luaX_token2str
080d0160 r luaX_tokens
080535a0 T luaY_parser
080582c0 T luaZ_fill
08058320 T luaZ_init
08058350 T luaZ_openspace
080583c0 T luaZ_read
080493c0 T lua_absindex
0804b190 T lua_arith
08049380 T lua_atpanic
0804a430 T lua_callk
0804b260 T lua_checkstack
080538e0 T lua_close
0804b0a0 T lua_compare
08049e80 T lua_concat
08049d90 T lua_copy
0804a960 T lua_createtable
0804a160 T lua_dump
08049fc0 T lua_error
08049fe0 T lua_gc
08049990 T lua_getallocf
08049950 T lua_getctx
0804aa70 T lua_getfield
0804ab20 T lua_getglobal
0804b370 T lua_gethook
0804b390 T lua_gethookcount
0804b380 T lua_gethookmask
0804bd00 T lua_getinfo
0804b750 T lua_getlocal
08049880 T lua_getmetatable
0804b3a0 T lua_getstack
0804aae0 T lua_gettable
080493f0 T lua_gettop
08049aa0 T lua_getupvalue
08049900 T lua_getuservalue
080ce380 R lua_ident
080494b0 T lua_insert
08049590 T lua_iscfunction
0804afc0 T lua_isnumber
080495c0 T lua_isstring
080495f0 T lua_isuserdata
08049e40 T lua_len
0804a1b0 T lua_load
080539a0 T lua_newstate
08053d10 T lua_newthread
08049df0 T lua_newuserdata
08049f70 T lua_next
0804a2f0 T lua_pcallk
08049800 T lua_pushboolean
0804aba0 T lua_pushcclosure
0804acb0 T lua_pushfstring
080497c0 T lua_pushinteger
08049830 T lua_pushlightuserdata
08049f10 T lua_pushlstring
080497a0 T lua_pushnil
0804acf0 T lua_pushnumber
0804a7a0 T lua_pushstring
08049850 T lua_pushthread
080497e0 T lua_pushunsigned
08049500 T lua_pushvalue
0804ac60 T lua_pushvfstring
0804b010 T lua_rawequal
0804aa30 T lua_rawget
0804a2a0 T lua_rawgeti
0804a9d0 T lua_rawgetp
0804ad30 T lua_rawlen
0804a670 T lua_rawset
0804a710 T lua_rawseti
0804a5d0 T lua_rawsetp
08049470 T lua_remove
08049dc0 T lua_replace
0804c630 T lua_resume
080499c0 T lua_setallocf
0804a810 T lua_setfield
0804a8d0 T lua_setglobal
0804b310 T lua_sethook
0804b6f0 T lua_setlocal
0804a4d0 T lua_setmetatable
0804a890 T lua_settable
08049410 T lua_settop
08049be0 T lua_setupvalue
08049c90 T lua_setuservalue
08049980 T lua_status
08049620 T lua_toboolean
08049660 T lua_tocfunction
0804aeb0 T lua_tointegerx
0804ad90 T lua_tolstring
0804af40 T lua_tonumberx
08049720 T lua_topointer
080496f0 T lua_tothread
0804ae20 T lua_tounsignedx
080496a0 T lua_touserdata
08049540 T lua_type
08049580 T lua_typename
08049b00 T lua_upvalueid
08049b60 T lua_upvaluejoin
080493a0 T lua_version
08049320 T lua_xmove
0804c970 T lua_yieldk
080cfae0 R luai_ctype_
0805da20 T luaopen_base
0805ec80 T luaopen_bit32
0805f240 T luaopen_coroutine
0805f780 T luaopen_debug
08061bb0 T luaopen_io
08061e80 T luaopen_math
08062bc0 T luaopen_os
080676a0 T luaopen_package
08065be0 T luaopen_string
08065cc0 T luaopen_table
0807ff10 t mALLINFo
0807f980 t mALLOPt
0808eac0 T madvise
080482c0 T main
080f3460 b main_arena
08054560 t mainposition
08080020 W mallinfo
08083940 T malloc
08083b10 t malloc_atfork
08082730 t malloc_check
0807f650 t malloc_consolidate
08083bd0 W malloc_get_state
08083bb0 t malloc_hook_ini
08082fa0 T malloc_info
0807f3d0 t malloc_printerr
08080090 W malloc_set_state
08084010 W malloc_stats
08080f10 W malloc_trim
0807f010 W malloc_usable_size
0807ff00 W mallopt
080f453c b map
080d8ae0 r map
080f41f8 b marker.8733
08063f50 t match
08063c80 t match_class
080c7380 t match_symbol
08063de0 t matchbracketclass
08061fc0 t math_abs
08062b60 t math_acos
08062b00 t math_asin
08062a30 t math_atan
08062a90 t math_atan2
080629d0 t math_ceil
08062910 t math_cos
08062970 t math_cosh
08061f70 t math_deg
080628b0 t math_exp
08062850 t math_floor
080627b0 t math_fmod
08062740 t math_frexp
080626d0 t math_ldexp
08062590 t math_log
08062670 t math_log10
080622b0 t math_max
08062240 t math_min
08062520 t math_modf
080624b0 t math_pow
08061f20 t math_rad
08062320 t math_random
08062210 t math_randomseed
08062150 t math_sin
080621b0 t math_sinh
080620d0 t math_sqrt
08062010 t math_tan
08062070 t math_tanh
0806aa20 W matherr
080d0cc0 r mathlib
080f1fe0 d max_capstrlen
080f4090 b max_dirnamelen
08063ed0 t max_expand
080f3040 b maxmap
080665f0 t maxn
0808eaf0 t maybe_split_for_insert
080b3040 W mbrlen
080b3080 W mbrtowc
080b3860 W mbsnrtowcs
080b34d0 W mbsrtowcs
0807f110 t mem2chunk_check
0807ef80 t mem2mem_check
08083d60 W memalign
080829e0 t memalign_check
08083f60 t memalign_hook_ini
08086440 W memchr
080865e0 T memcmp
08086850 T memcpy
08086600 T memmove
08086700 W mempcpy
080866a0 T memset
08082ae0 t mi_arena.12753
080d2020 r minf_mzero
080d2020 r minfinity
080d2060 r minus1
0808db20 W mkdir
08088770 T mktime
0808e9c0 W mmap
0808ea10 W mmap64
0807ae80 t mmap_remap_check
080f4024 b modcounter.10222
080d0c1c r mode.4358
080d0c00 r mode.4384
080d0c0c r modenames.4359
080d0bf0 r modenames.4385
08068670 W modf
08049d10 t moveto
080f38c0 b mp_
0808ea90 W mprotect
0808f930 W mremap
08084570 t mremap_chunk
080e9100 r msg.9300
08071df0 t msort_with_tmp
0808ea70 W munmap
080804d0 t munmap_chunk
080d2028 r mzero
080f40d4 b narcs
080f40d8 b narcsp
080e9680 r nbits.8908
080d3e80 r nbits.8909
080e9640 r nbits.8918
080f1fdc d ncapstr
0806b8a0 t new_composite_name
0807b400 t new_do_write
08070ea0 t new_exp
08081170 t new_heap
080506f0 t new_localvar
08050880 t new_localvarliteral_
080504c0 t newlabelentry
08060c70 t newprefile
080505e0 t newupvalue
080f40a8 b next_bit
0808f400 t next_line
080f303c b nmap
080d2e18 r not_available
080f41b0 b nsamples
080cea31 r null
080e6130 r null
080f39d8 b num_leaps
080f39bc b num_transitions
080f39c4 b num_types
080f4120 b oact.5931
080f27c8 b object.6567
080f41e0 b object_mutex
080f39a4 b old_tz
080f4020 b once
080f40c8 b once
080f41bc b once_regsizes.9546
080d1ff0 r one
080d2000 r one
080d2030 r one
080d2068 r one
0808db40 W open
080503e0 t open_func
080b2690 T open_memstream
080b5af0 t open_path
080984c0 t open_translit
080b5690 t open_verify
080c6bb0 t openaux
080615b0 t opencheck
080b4420 W opendir
0808e340 T openlog
0808e130 t openlog_internal
080d0520 r opts.4250
080d04e0 r optsnum.4251
08063590 t os_clock
08063200 t os_date
08063150 t os_difftime
080630d0 t os_execute
08063030 t os_exit
08062fe0 t os_getenv
08062f80 t os_remove
08062f10 t os_rename
08062e90 t os_setlocale
08062d10 t os_time
08062c10 t os_tmpname
080f4100 b otimer.5932
080f2fb0 b output_charset_cache.8960
080f2fac b output_charset_cached.8961
080d2040 r p63
080f2764 d pa_next_type
08066530 t pack
080f3058 b pagesize.6005
0805e4d0 t pairsmeta
080584d0 t panic
0805a9b0 t patchlistaux
080f41b4 b pc_offset
080f41b8 b pc_scale
0805dc40 t pcallcont
080f38f4 b perturb_byte
080f305c b phys_pages.6004
0808f310 t phys_pages_info
080d17c0 r pk_funcs
080d3df0 r plone
0806d980 t plural_eval
0806e590 t plural_lookup
080d3ddc r plvar
08048b50 t pmain
08083fa0 W posix_memalign
08068290 W pow
080e9280 r primes.8198
080b5430 t print_search_path
080486e0 t print_version
080cf000 r priority
080c5b90 W profil
080c5b50 t profil_counter
080f2008 d progname
080f2598 V program_invocation_name
080f259c V program_invocation_short_name
0804e8a0 t propagatemark
         w pthread_cancel
         w pthread_mutex_lock
         w pthread_mutex_unlock
         w pthread_once
         w pthread_setcancelstate
0807faf0 t ptmalloc_init
0807ed30 t ptmalloc_lock_all
0807ee30 t ptmalloc_unlock_all
0807eec0 t ptmalloc_unlock_all2
08064420 t push_captures
08063ac0 t push_onecapture
08059d30 t pushglobalfuncname
08048740 t pushline
0804fc70 t pushstr
08083480 W pvalloc
08072410 T qsort
08072150 T qsort_r
080f3340 b quit
080997d0 T raise
08072de0 T rand
08072840 W random
080d3e40 r random_poly_info
08072b40 W random_r
080f20c0 d randtbl
0806cbc0 t rangecmp
08088060 t ranged_convert
080868a0 W rawmemchr
0808dbf0 W read
0806ff30 t read_alias_file
08060fa0 t read_all
08060f10 t read_chars
080cb250 t read_encoded_value_with_base
08061050 t read_line
0805cc80 t read_long_string
080c8300 t read_sleb128
080b44c0 W readdir64
080846d0 T realloc
080849f0 t realloc_check
080849a0 t realloc_hook_ini
0804dc70 t reallymarkobject
080f40a0 b receiver
08051c60 t recfield
080a40a0 W register_printf_function
080c23b0 W register_printf_modifier
080a3fe0 W register_printf_specifier
080a57e0 W register_printf_type
080f4044 b release_handle
080765d0 T remove
080c4730 t remove_slotinfo
08076630 T rename
08048400 t report
080f2f40 b result.4977
080f4014 b result.8109
0804d0f0 t resume
0804d080 t resume_error
080856b0 W rindex
0806b0a0 W rint
0808df20 W rmdir
080f2fe0 b root
080735d0 t round_and_return
080be130 t round_and_return
080bff60 t round_and_return
080f1fe4 d rtld_search_dirs
080f39d4 b rule_dstoff
080f39d0 b rule_stdoff
080f3400 b run_fp
080f40d0 b running
0807f050 t sYSTRIm
080f33cc b sa_refcntr
080f41ac b samples
0805c740 t save
080f3908 b save_arena
0807d5d0 t save_for_backup
08078d90 t save_for_wbackup
080f3904 b save_free_hook
080f3900 b save_malloc_hook
0808df80 W sbrk
0806b0b0 W scalbln
0806b0b0 W scalbn
0808d9e0 W sched_yield
080cbf60 t search_object
080f402c b search_tree
08067a30 t searcher_C
08067ab0 t searcher_Croot
080679b0 t searcher_Lua
08066fb0 t searcher_preload
080d17f8 r searchers.4274
08067040 t searchpath
080f420c b seen_objects
0808f9c0 W send
08065e10 t set2
0809b480 W setenv
0804c1e0 t seterrorobj
080631c0 t setfield
080c8060 W setitimer
0806ba60 T setlocale
0808e080 T setlogmask
0806b860 t setname
08054ba0 t setnodevector
08067590 t setpath
080728a0 W setstate
08072a50 W setstate_r
0805fdb0 t settabsi
0805fb90 t settabss
080779b0 W setvbuf
08071b00 W sigaction
08071920 W signal
08099850 W sigprocmask
08067c70 W sin
08063e70 t singlematch
0804ef90 t singlestep
08050ff0 t singlevar
080508b0 t singlevaraux
08068500 W sinh
080cb160 t size_of_encoded_value
0805c7c0 t skip_sep
08058c30 t skipcomment
0808fa20 W socket
080661a0 t sort
08065d30 t sort_comp
080a58e0 T sprintf
08068570 W sqrt
08072980 W srand
08072980 W srandom
08072bf0 W srandom_r
080ab820 T sscanf
08071920 W ssignal
08053710 t stack_init
080f3048 b stage
080643a0 t start_capture
080f4064 b state
080f406c b state
080f4074 b state
080f407c b state
080f4084 b state
08052630 t statement
080f40c0 b static_buf
080f2800 b static_dtv
080f2c20 b static_map
080f2a00 b static_slotinfo
08053150 t statlist
080f2564 D stderr
080f255c D stdin
080f2560 D stdout
080e5c80 r step0_jumps.10594
080e6460 r step0_jumps.10623
080e5c00 r step1_jumps.10625
080e63e0 r step1_jumps.10654
080e5b80 r step2_jumps.10626
080e6360 r step2_jumps.10655
080e5b00 r step3a_jumps.10627
080e62e0 r step3a_jumps.10656
080e5a80 r step3b_jumps.10629
080e6260 r step3b_jumps.10658
080e5a00 r step4_jumps.10630
080e61e0 r step4_jumps.10659
080e5980 r step4_jumps.10780
080e6160 r step4_jumps.10800
08086750 W stpcpy
080648d0 t str_byte
080651f0 t str_char
08050f10 t str_checkname
08065b30 t str_dump
080648b0 t str_find
080644b0 t str_find_aux
08065330 t str_format
08064a60 t str_gsub
08063b80 t str_len
08063bc0 t str_lower
08064890 t str_match
08063900 t str_rep
08063690 t str_reverse
08063740 t str_sub
08073380 t str_to_mpn
080bdee0 t str_to_mpn
080bfd10 t str_to_mpn
080635d0 t str_upper
080867a0 W strcasecmp
080b2d80 W strcasecmp_l
08085030 T strchr
08086970 W strchrnul
080851a0 T strcmp
080851e0 T strcoll
08086cf0 W strcoll_l
08085210 T strcpy
08085240 W strdup
080852f0 T strerror
080853a0 W strerror_r
0808aa90 T strftime
0808c6e0 W strftime_l
080f4538 b string_space
080f3034 b string_space_act
080f3038 b string_space_max
0806bfe0 t strip
080854b0 T strlen
080d1360 r strlib
080867f0 W strncasecmp_l
08085600 T strncmp
080b2cc0 T strncpy
08085290 W strndup
08085560 W strnlen
08085870 T strpbrk
080856b0 T strrchr
080c2c50 W strsep
08085930 T strspn
08086060 T strstr
08073300 W strtod
08075620 W strtod_l
080bdde0 W strtof
080bfce0 W strtof_l
0809b5b0 T strtol
0809baa0 W strtol_l
080bde60 W strtold
080c1f80 W strtold_l
080bd5c0 T strtoll
080bddb0 W strtoll_l
080bd5c0 W strtoq
08072df0 T strtoul
080732d0 W strtoul_l
080bd640 T strtoull
0809c140 W strtoull_l
080bd640 W strtouq
08051770 t subexpr
080f4200 b subs.9351
08052200 t suffixedexp
0804e230 t sweeplist
080e71a0 V sys_errlist
080e73b0 V sys_nerr
0808d510 W sysconf
080d0ee0 r syslib
0808e940 T syslog
080f3a0c b syslog_lock
08075b50 W system
080e88a0 r system_dirs
080e88e0 r system_dirs_len
080d14a0 r tab_funcs
08059fa0 t tag_error
08067cc0 W tan
08067d10 W tanh
080b48c0 W tcgetattr
08066730 t tconcat
0808eda0 W tdelete
0808ed80 W tdestroy
0808ed30 t tdestroy_recurse
08053410 t test_then_block
080f40f0 b textsize
0808ec00 W tfind
080887a0 T time
08088770 W timelocal
0808cea0 W times
080f3944 V timezone
08066440 t tinsert
08075eb0 T tmpfile64
08075f50 T tmpnam
080f33d4 b tmpnam_buffer
080d6820 r to_mb
080d67e0 r to_wc
08060d30 t tofile
0807f4a0 t top_check
080f40dc b tos
080b4c90 W towctrans
080485e0 t traceback
080987f0 t trans_compare
0806db10 t transcmp
080f4544 b transitions
080dad80 r translit_from_idx
080dc2c0 r translit_from_tbl
080ded20 r translit_to_idx
080e0260 r translit_to_tbl
080f2fe4 b transmem_list
0804df20 t traverseephemeron
08060320 t treatstackoption
0808ec60 t trecurse
080f2fc0 b tree_lock.7801
08066240 t tremove
0808f200 W tsearch
0808ed00 W twalk
080d1830 r two54
08085b40 t two_way_long_needle
080f39c0 b type_idxs
08059f30 t typeerror
080f39c8 b types
080f3960 b tz_rules
080f39a8 b tzfile_dev
080f39b0 b tzfile_ino
080f39b8 b tzfile_mtime
080f2580 V tzname
08089630 W tzset
08089360 t tzset_internal
080f394c b tzset_lock
080f39e0 b tzspec
080f39a0 b tzstring_list
080cf404 r udatatypename
080b45a0 W uname
080e8a7e r undefined_msg
08077b60 W ungetc
0808df00 W unlink
08066320 t unpack
0804cc80 t unroll
080f20a0 d unsafe_state
080d8220 r unsecure_envvars.8017
080f4208 b unseen_objects
0809b010 W unsetenv
08088ab0 t update_vars
080f3930 b using_malloc_checking
080c9df0 t uw_frame_state_for
080ca590 t uw_init_context_1
080c8e70 t uw_install_context_1
080c9d60 t uw_update_context
080c99a0 t uw_update_context_1
08083690 W valloc
080f33e8 b value.7667
08078260 W vasprintf
080b2810 W vdprintf
080ce404 r version.2922
0809ca90 T vfprintf
080ab7d0 W vfscanf
080abb60 W vfwprintf
080b2000 W vsprintf
080b20b0 W vsscanf
0808e8e0 T vsyslog
0808cef0 W waitpid
080b32a0 W wcrtomb
080b2e30 T wcschr
080b3bf0 W wcschrnul
080b2e60 W wcslen
080b3b60 W wcsnlen
080b3520 W wcsrtombs
080b4c10 W wctrans
08087b80 W wmemcpy
08087b90 W wmemmove
08087ba0 W wmempcpy
080b2dc0 T wmemset
0808dc50 W write
08064a30 t writer
080b4b30 W writev
08051c10 t yindex
080d3d00 r yycheck
080d3d77 r yydefact
080d3db1 r yydefgoto
080d3bac r yypact
080d3dae r yypgoto
080d3da0 r yyr1
080d3d92 r yyr2
080d3d40 r yytable
080d3be0 r yytranslate
080d2018 r zero
080e784c r zeroes
080e7a20 r zeroes
080f39cc b zone_names
