cd src && make clean
make[1]: Entering directory `/home/cos/lua-5.2.1/src'
rm -f liblua.a lua luac lapi.o lcode.o lctype.o ldebug.o ldo.o ldump.o lfunc.o lgc.o llex.o lmem.o lobject.o lopcodes.o lparser.o lstate.o lstring.o ltable.o ltm.o lundump.o lvm.o lzio.o lauxlib.o lbaselib.o lbitlib.o lcorolib.o ldblib.o liolib.o lmathlib.o loslib.o lstrlib.o ltablib.o loadlib.o linit.o  lua.o luac.o
make[1]: Leaving directory `/home/cos/lua-5.2.1/src'
cd src && make composite
make[1]: Entering directory `/home/cos/lua-5.2.1/src'
make all MYLDFLAGS="-static" MYCFLAGS="-static" SYSLIBS="-lm" 
make[2]: Entering directory `/home/cos/lua-5.2.1/src'
gcc -O2 -Wall -DLUA_COMPAT_ALL  -static   -c -o lapi.o lapi.c
gcc -O2 -Wall -DLUA_COMPAT_ALL  -static   -c -o lcode.o lcode.c
gcc -O2 -Wall -DLUA_COMPAT_ALL  -static   -c -o lctype.o lctype.c
gcc -O2 -Wall -DLUA_COMPAT_ALL  -static   -c -o ldebug.o ldebug.c
gcc -O2 -Wall -DLUA_COMPAT_ALL  -static   -c -o ldo.o ldo.c
gcc -O2 -Wall -DLUA_COMPAT_ALL  -static   -c -o ldump.o ldump.c
gcc -O2 -Wall -DLUA_COMPAT_ALL  -static   -c -o lfunc.o lfunc.c
gcc -O2 -Wall -DLUA_COMPAT_ALL  -static   -c -o lgc.o lgc.c
gcc -O2 -Wall -DLUA_COMPAT_ALL  -static   -c -o llex.o llex.c
gcc -O2 -Wall -DLUA_COMPAT_ALL  -static   -c -o lmem.o lmem.c
gcc -O2 -Wall -DLUA_COMPAT_ALL  -static   -c -o lobject.o lobject.c
gcc -O2 -Wall -DLUA_COMPAT_ALL  -static   -c -o lopcodes.o lopcodes.c
gcc -O2 -Wall -DLUA_COMPAT_ALL  -static   -c -o lparser.o lparser.c
gcc -O2 -Wall -DLUA_COMPAT_ALL  -static   -c -o lstate.o lstate.c
gcc -O2 -Wall -DLUA_COMPAT_ALL  -static   -c -o lstring.o lstring.c
gcc -O2 -Wall -DLUA_COMPAT_ALL  -static   -c -o ltable.o ltable.c
gcc -O2 -Wall -DLUA_COMPAT_ALL  -static   -c -o ltm.o ltm.c
gcc -O2 -Wall -DLUA_COMPAT_ALL  -static   -c -o lundump.o lundump.c
gcc -O2 -Wall -DLUA_COMPAT_ALL  -static   -c -o lvm.o lvm.c
gcc -O2 -Wall -DLUA_COMPAT_ALL  -static   -c -o lzio.o lzio.c
gcc -O2 -Wall -DLUA_COMPAT_ALL  -static   -c -o lauxlib.o lauxlib.c
gcc -O2 -Wall -DLUA_COMPAT_ALL  -static   -c -o lbaselib.o lbaselib.c
gcc -O2 -Wall -DLUA_COMPAT_ALL  -static   -c -o lbitlib.o lbitlib.c
gcc -O2 -Wall -DLUA_COMPAT_ALL  -static   -c -o lcorolib.o lcorolib.c
gcc -O2 -Wall -DLUA_COMPAT_ALL  -static   -c -o ldblib.o ldblib.c
gcc -O2 -Wall -DLUA_COMPAT_ALL  -static   -c -o liolib.o liolib.c
gcc -O2 -Wall -DLUA_COMPAT_ALL  -static   -c -o lmathlib.o lmathlib.c
gcc -O2 -Wall -DLUA_COMPAT_ALL  -static   -c -o loslib.o loslib.c
gcc -O2 -Wall -DLUA_COMPAT_ALL  -static   -c -o lstrlib.o lstrlib.c
gcc -O2 -Wall -DLUA_COMPAT_ALL  -static   -c -o ltablib.o ltablib.c
gcc -O2 -Wall -DLUA_COMPAT_ALL  -static   -c -o loadlib.o loadlib.c
gcc -O2 -Wall -DLUA_COMPAT_ALL  -static   -c -o linit.o linit.c
ar rcu liblua.a lapi.o lcode.o lctype.o ldebug.o ldo.o ldump.o lfunc.o lgc.o llex.o lmem.o lobject.o lopcodes.o lparser.o lstate.o lstring.o ltable.o ltm.o lundump.o lvm.o lzio.o lauxlib.o lbaselib.o lbitlib.o lcorolib.o ldblib.o liolib.o lmathlib.o loslib.o lstrlib.o ltablib.o loadlib.o linit.o  lapi.o lcode.o lctype.o ldebug.o ldo.o ldump.o lfunc.o lgc.o llex.o lmem.o lobject.o lopcodes.o lparser.o lstate.o lstring.o ltable.o ltm.o lundump.o lvm.o lzio.o lauxlib.o lbaselib.o lbitlib.o lcorolib.o ldblib.o liolib.o lmathlib.o loslib.o lstrlib.o ltablib.o loadlib.o linit.o 
ranlib liblua.a
gcc -O2 -Wall -DLUA_COMPAT_ALL  -static   -c -o lua.o lua.c
gcc -o lua  -static lua.o liblua.a -lm 
gcc -O2 -Wall -DLUA_COMPAT_ALL  -static   -c -o luac.o luac.c
gcc -o luac  -static luac.o liblua.a -lm 
make[2]: Leaving directory `/home/cos/lua-5.2.1/src'
#make all SYSCFLAGS="-DLUA_USE_POSIX" SYSLDFLAGS="-static"
make[1]: Leaving directory `/home/cos/lua-5.2.1/src'
